/home/ubuntu/ros2_ws/install/ros2udp/lib/python3.12/site-packages/ros2udp/NR25_DR_Omni.py
/home/ubuntu/ros2_ws/install/ros2udp/lib/python3.12/site-packages/ros2udp/NR25_MR.py
/home/ubuntu/ros2_ws/install/ros2udp/lib/python3.12/site-packages/ros2udp/NR25_DR_SwerveDrive.py
/home/ubuntu/ros2_ws/install/ros2udp/lib/python3.12/site-packages/ros2udp/enc_obs.py
/home/ubuntu/ros2_ws/install/ros2udp/lib/python3.12/site-packages/ros2udp/NR25_param_tuner.py
/home/ubuntu/ros2_ws/install/ros2udp/lib/python3.12/site-packages/ros2udp/__init__.py
/home/ubuntu/ros2_ws/install/ros2udp/lib/python3.12/site-packages/ros2udp/NR25_MR_SwerveDrive.py
/home/ubuntu/ros2_ws/install/ros2udp/lib/python3.12/site-packages/ros2udp/NR25_Development.py
/home/ubuntu/ros2_ws/install/ros2udp/lib/python3.12/site-packages/ros2udp/NR25_DR.py
/home/ubuntu/ros2_ws/install/ros2udp/lib/python3.12/site-packages/ros2udp/NR25_MR_Omni.py
/home/ubuntu/ros2_ws/install/ros2udp/lib/python3.12/site-packages/ros2udp/submodules/TEST.py
/home/ubuntu/ros2_ws/install/ros2udp/lib/python3.12/site-packages/ros2udp/submodules/UDP.py
/home/ubuntu/ros2_ws/install/ros2udp/lib/python3.12/site-packages/ros2udp/submodules/UDP16.py
/home/ubuntu/ros2_ws/install/ros2udp/lib/python3.12/site-packages/ros2udp/submodules/__init__.py
/home/ubuntu/ros2_ws/install/ros2udp/lib/python3.12/site-packages/ros2udp/__pycache__/NR25_DR_Omni.cpython-312.pyc
/home/ubuntu/ros2_ws/install/ros2udp/lib/python3.12/site-packages/ros2udp/__pycache__/NR25_MR.cpython-312.pyc
/home/ubuntu/ros2_ws/install/ros2udp/lib/python3.12/site-packages/ros2udp/__pycache__/NR25_DR_SwerveDrive.cpython-312.pyc
/home/ubuntu/ros2_ws/install/ros2udp/lib/python3.12/site-packages/ros2udp/__pycache__/enc_obs.cpython-312.pyc
/home/ubuntu/ros2_ws/install/ros2udp/lib/python3.12/site-packages/ros2udp/__pycache__/NR25_param_tuner.cpython-312.pyc
/home/ubuntu/ros2_ws/install/ros2udp/lib/python3.12/site-packages/ros2udp/__pycache__/__init__.cpython-312.pyc
/home/ubuntu/ros2_ws/install/ros2udp/lib/python3.12/site-packages/ros2udp/__pycache__/NR25_MR_SwerveDrive.cpython-312.pyc
/home/ubuntu/ros2_ws/install/ros2udp/lib/python3.12/site-packages/ros2udp/__pycache__/NR25_Development.cpython-312.pyc
/home/ubuntu/ros2_ws/install/ros2udp/lib/python3.12/site-packages/ros2udp/__pycache__/NR25_DR.cpython-312.pyc
/home/ubuntu/ros2_ws/install/ros2udp/lib/python3.12/site-packages/ros2udp/__pycache__/NR25_MR_Omni.cpython-312.pyc
/home/ubuntu/ros2_ws/install/ros2udp/lib/python3.12/site-packages/ros2udp/submodules/__pycache__/TEST.cpython-312.pyc
/home/ubuntu/ros2_ws/install/ros2udp/lib/python3.12/site-packages/ros2udp/submodules/__pycache__/UDP.cpython-312.pyc
/home/ubuntu/ros2_ws/install/ros2udp/lib/python3.12/site-packages/ros2udp/submodules/__pycache__/UDP16.cpython-312.pyc
/home/ubuntu/ros2_ws/install/ros2udp/lib/python3.12/site-packages/ros2udp/submodules/__pycache__/__init__.cpython-312.pyc
/home/ubuntu/ros2_ws/install/ros2udp/share/ament_index/resource_index/packages/ros2udp
/home/ubuntu/ros2_ws/install/ros2udp/share/ros2udp/package.xml
/home/ubuntu/ros2_ws/install/ros2udp/lib/python3.12/site-packages/ros2udp-0.0.0-py3.12.egg-info/dependency_links.txt
/home/ubuntu/ros2_ws/install/ros2udp/lib/python3.12/site-packages/ros2udp-0.0.0-py3.12.egg-info/SOURCES.txt
/home/ubuntu/ros2_ws/install/ros2udp/lib/python3.12/site-packages/ros2udp-0.0.0-py3.12.egg-info/PKG-INFO
/home/ubuntu/ros2_ws/install/ros2udp/lib/python3.12/site-packages/ros2udp-0.0.0-py3.12.egg-info/requires.txt
/home/ubuntu/ros2_ws/install/ros2udp/lib/python3.12/site-packages/ros2udp-0.0.0-py3.12.egg-info/zip-safe
/home/ubuntu/ros2_ws/install/ros2udp/lib/python3.12/site-packages/ros2udp-0.0.0-py3.12.egg-info/entry_points.txt
/home/ubuntu/ros2_ws/install/ros2udp/lib/python3.12/site-packages/ros2udp-0.0.0-py3.12.egg-info/top_level.txt
/home/ubuntu/ros2_ws/install/ros2udp/lib/ros2udp/4_omni
/home/ubuntu/ros2_ws/install/ros2udp/lib/ros2udp/cr24_exh_automatic
/home/ubuntu/ros2_ws/install/ros2udp/lib/ros2udp/cr24_exh_gui
/home/ubuntu/ros2_ws/install/ros2udp/lib/ros2udp/cr24_exh_manual
/home/ubuntu/ros2_ws/install/ros2udp/lib/ros2udp/cr24_exh_yolo
/home/ubuntu/ros2_ws/install/ros2udp/lib/ros2udp/cr24_gui
/home/ubuntu/ros2_ws/install/ros2udp/lib/ros2udp/cr24_main
/home/ubuntu/ros2_ws/install/ros2udp/lib/ros2udp/cr24_main_apk
/home/ubuntu/ros2_ws/install/ros2udp/lib/ros2udp/cr24_main_manual
/home/ubuntu/ros2_ws/install/ros2udp/lib/ros2udp/cr24_main_manual2
/home/ubuntu/ros2_ws/install/ros2udp/lib/ros2udp/cr24_manual2_apk
/home/ubuntu/ros2_ws/install/ros2udp/lib/ros2udp/cr24_pos
/home/ubuntu/ros2_ws/install/ros2udp/lib/ros2udp/cr24_test
/home/ubuntu/ros2_ws/install/ros2udp/lib/ros2udp/cr24_wlcam
/home/ubuntu/ros2_ws/install/ros2udp/lib/ros2udp/dir_plotter
/home/ubuntu/ros2_ws/install/ros2udp/lib/ros2udp/enc_obs
/home/ubuntu/ros2_ws/install/ros2udp/lib/ros2udp/enc_plotter
/home/ubuntu/ros2_ws/install/ros2udp/lib/ros2udp/imu_plotter
/home/ubuntu/ros2_ws/install/ros2udp/lib/ros2udp/imu_to_odom
/home/ubuntu/ros2_ws/install/ros2udp/lib/ros2udp/listener
/home/ubuntu/ros2_ws/install/ros2udp/lib/ros2udp/nr25_dev
/home/ubuntu/ros2_ws/install/ros2udp/lib/ros2udp/nr25_dr
/home/ubuntu/ros2_ws/install/ros2udp/lib/ros2udp/nr25_dr_omni
/home/ubuntu/ros2_ws/install/ros2udp/lib/ros2udp/nr25_dr_sd
/home/ubuntu/ros2_ws/install/ros2udp/lib/ros2udp/nr25_mr
/home/ubuntu/ros2_ws/install/ros2udp/lib/ros2udp/nr25_mr_omni
/home/ubuntu/ros2_ws/install/ros2udp/lib/ros2udp/nr25_mr_sd
/home/ubuntu/ros2_ws/install/ros2udp/lib/ros2udp/nr25_ohf
/home/ubuntu/ros2_ws/install/ros2udp/lib/ros2udp/nr25_omni
/home/ubuntu/ros2_ws/install/ros2udp/lib/ros2udp/nr25_omni_imu
/home/ubuntu/ros2_ws/install/ros2udp/lib/ros2udp/nr25_omni_odom
/home/ubuntu/ros2_ws/install/ros2udp/lib/ros2udp/nr25_pr_tuner
/home/ubuntu/ros2_ws/install/ros2udp/lib/ros2udp/nr25_vc
/home/ubuntu/ros2_ws/install/ros2udp/lib/ros2udp/setoshio
/home/ubuntu/ros2_ws/install/ros2udp/lib/ros2udp/setoshio_gui
/home/ubuntu/ros2_ws/install/ros2udp/lib/ros2udp/yaw_pub
