-- Found ament_cmake: 2.5.2 (/opt/ros/jazzy/share/ament_cmake/cmake)
-- Found rclcpp: 28.1.5 (/opt/ros/jazzy/share/rclcpp/cmake)
-- Found rosidl_generator_c: 4.6.4 (/opt/ros/jazzy/share/rosidl_generator_c/cmake)
-- Found rosidl_generator_cpp: 4.6.4 (/opt/ros/jazzy/share/rosidl_generator_cpp/cmake)
-- Using all available rosidl_typesupport_c: rosidl_typesupport_fastrtps_c;rosidl_typesupport_introspection_c
-- Using all available rosidl_typesupport_cpp: rosidl_typesupport_fastrtps_cpp;rosidl_typesupport_introspection_cpp
-- Found rmw_implementation_cmake: 7.3.1 (/opt/ros/jazzy/share/rmw_implementation_cmake/cmake)
-- Found rmw_fastrtps_cpp: 8.4.1 (/opt/ros/jazzy/share/rmw_fastrtps_cpp/cmake)
-- Using RMW implementation 'rmw_fastrtps_cpp' as default
-- Found std_msgs: 5.3.5 (/opt/ros/jazzy/share/std_msgs/cmake)
-- Found sensor_msgs: 5.3.5 (/opt/ros/jazzy/share/sensor_msgs/cmake)
-- Configuring done (0.5s)
-- Generating done (0.0s)
-- Build files have been written to: /home/ubuntu/ros2_ws/build/f7_udp_cpp
[  3%] [32mBuilding CXX object CMakeFiles/nr25_dr_c610.dir/src/NR25_DR_C610.cpp.o[0m
[ 21%] Built target nr25_mr
[ 21%] Built target nr25_dr_sd
[ 28%] Built target nr25_pr
[ 34%] Built target nr25_enc_pid
[ 43%] Built target nr25_mr_omni
[ 53%] Built target nr25_dr_omni
[ 59%] Built target nr25_enc
[ 62%] [32mBuilding CXX object CMakeFiles/nr25_dr.dir/src/NR25_DR.cpp.o[0m
[ 71%] Built target nr25_mr_sd
[ 78%] Built target nr25_vel2js
[ 87%] Built target nr25_pid
[ 90%] [32mBuilding CXX object CMakeFiles/nr25_dr_c610.dir/src/include/UDP.cpp.o[0m
[ 93%] [32m[1mLinking CXX executable nr25_dr[0m
[ 96%] [32m[1mLinking CXX executable nr25_dr_c610[0m
[ 96%] Built target nr25_dr_c610
[100%] Built target nr25_dr
-- Install configuration: ""
-- Up-to-date: /home/ubuntu/ros2_ws/install/f7_udp_cpp/lib/f7_udp_cpp/nr25_mr
-- Up-to-date: /home/ubuntu/ros2_ws/install/f7_udp_cpp/lib/f7_udp_cpp/nr25_mr_omni
-- Up-to-date: /home/ubuntu/ros2_ws/install/f7_udp_cpp/lib/f7_udp_cpp/nr25_mr_sd
-- Installing: /home/ubuntu/ros2_ws/install/f7_udp_cpp/lib/f7_udp_cpp/nr25_dr
-- Set non-toolchain portion of runtime path of "/home/ubuntu/ros2_ws/install/f7_udp_cpp/lib/f7_udp_cpp/nr25_dr" to ""
-- Up-to-date: /home/ubuntu/ros2_ws/install/f7_udp_cpp/lib/f7_udp_cpp/nr25_dr_omni
-- Up-to-date: /home/ubuntu/ros2_ws/install/f7_udp_cpp/lib/f7_udp_cpp/nr25_dr_sd
-- Up-to-date: /home/ubuntu/ros2_ws/install/f7_udp_cpp/lib/f7_udp_cpp/nr25_enc
-- Up-to-date: /home/ubuntu/ros2_ws/install/f7_udp_cpp/lib/f7_udp_cpp/nr25_pr
-- Up-to-date: /home/ubuntu/ros2_ws/install/f7_udp_cpp/lib/f7_udp_cpp/nr25_vel2js
-- Up-to-date: /home/ubuntu/ros2_ws/install/f7_udp_cpp/lib/f7_udp_cpp/nr25_enc_pid
-- Up-to-date: /home/ubuntu/ros2_ws/install/f7_udp_cpp/lib/f7_udp_cpp/nr25_pid
-- Up-to-date: /home/ubuntu/ros2_ws/install/f7_udp_cpp/share/ament_index/resource_index/package_run_dependencies/f7_udp_cpp
-- Installing: /home/ubuntu/ros2_ws/install/f7_udp_cpp/share/ament_index/resource_index/parent_prefix_path/f7_udp_cpp
-- Up-to-date: /home/ubuntu/ros2_ws/install/f7_udp_cpp/share/f7_udp_cpp/environment/ament_prefix_path.sh
-- Up-to-date: /home/ubuntu/ros2_ws/install/f7_udp_cpp/share/f7_udp_cpp/environment/ament_prefix_path.dsv
-- Up-to-date: /home/ubuntu/ros2_ws/install/f7_udp_cpp/share/f7_udp_cpp/environment/path.sh
-- Up-to-date: /home/ubuntu/ros2_ws/install/f7_udp_cpp/share/f7_udp_cpp/environment/path.dsv
-- Up-to-date: /home/ubuntu/ros2_ws/install/f7_udp_cpp/share/f7_udp_cpp/local_setup.bash
-- Up-to-date: /home/ubuntu/ros2_ws/install/f7_udp_cpp/share/f7_udp_cpp/local_setup.sh
-- Up-to-date: /home/ubuntu/ros2_ws/install/f7_udp_cpp/share/f7_udp_cpp/local_setup.zsh
-- Up-to-date: /home/ubuntu/ros2_ws/install/f7_udp_cpp/share/f7_udp_cpp/local_setup.dsv
-- Installing: /home/ubuntu/ros2_ws/install/f7_udp_cpp/share/f7_udp_cpp/package.dsv
-- Up-to-date: /home/ubuntu/ros2_ws/install/f7_udp_cpp/share/ament_index/resource_index/packages/f7_udp_cpp
-- Up-to-date: /home/ubuntu/ros2_ws/install/f7_udp_cpp/share/f7_udp_cpp/cmake/f7_udp_cppConfig.cmake
-- Up-to-date: /home/ubuntu/ros2_ws/install/f7_udp_cpp/share/f7_udp_cpp/cmake/f7_udp_cppConfig-version.cmake
-- Up-to-date: /home/ubuntu/ros2_ws/install/f7_udp_cpp/share/f7_udp_cpp/package.xml
