[0.135s] Invoking command in '/home/ubuntu/ros2_ws/build/f7_udp_cpp': CMAKE_PREFIX_PATH=${CMAKE_PREFIX_PATH}:/home/ubuntu/ros2_ws/install/ros2udp:/home/ubuntu/ros2_ws/install/f7_udp:/opt/ros/jazzy DEBUGINFOD_URLS=https://debuginfod.ubuntu.com /usr/bin/cmake --build /home/ubuntu/ros2_ws/build/f7_udp_cpp -- -j12 -l12
[0.157s] -- Found ament_cmake: 2.5.2 (/opt/ros/jazzy/share/ament_cmake/cmake)
[0.319s] -- Found rclcpp: 28.1.5 (/opt/ros/jazzy/share/rclcpp/cmake)
[0.337s] -- Found rosidl_generator_c: 4.6.4 (/opt/ros/jazzy/share/rosidl_generator_c/cmake)
[0.343s] -- Found rosidl_generator_cpp: 4.6.4 (/opt/ros/jazzy/share/rosidl_generator_cpp/cmake)
[0.350s] -- Using all available rosidl_typesupport_c: rosidl_typesupport_fastrtps_c;rosidl_typesupport_introspection_c
[0.359s] -- Using all available rosidl_typesupport_cpp: rosidl_typesupport_fastrtps_cpp;rosidl_typesupport_introspection_cpp
[0.400s] -- Found rmw_implementation_cmake: 7.3.1 (/opt/ros/jazzy/share/rmw_implementation_cmake/cmake)
[0.401s] -- Found rmw_fastrtps_cpp: 8.4.1 (/opt/ros/jazzy/share/rmw_fastrtps_cpp/cmake)
[0.456s] -- Using RMW implementation 'rmw_fastrtps_cpp' as default
[0.504s] -- Found std_msgs: 5.3.5 (/opt/ros/jazzy/share/std_msgs/cmake)
[0.513s] -- Found sensor_msgs: 5.3.5 (/opt/ros/jazzy/share/sensor_msgs/cmake)
[0.624s] -- Configuring done (0.5s)
[0.675s] -- Generating done (0.0s)
[0.692s] -- Build files have been written to: /home/ubuntu/ros2_ws/build/f7_udp_cpp
[0.748s] [  3%] [32mBuilding CXX object CMakeFiles/nr25_dr_c610.dir/src/NR25_DR_C610.cpp.o[0m
[0.764s] [ 21%] Built target nr25_mr
[0.764s] [ 21%] Built target nr25_dr_sd
[0.765s] [ 28%] Built target nr25_pr
[0.766s] [ 34%] Built target nr25_enc_pid
[0.766s] [ 43%] Built target nr25_mr_omni
[0.766s] [ 53%] Built target nr25_dr_omni
[0.767s] [ 59%] Built target nr25_enc
[0.768s] [ 62%] [32mBuilding CXX object CMakeFiles/nr25_dr.dir/src/NR25_DR.cpp.o[0m
[0.770s] [ 71%] Built target nr25_mr_sd
[0.771s] [ 78%] Built target nr25_vel2js
[0.773s] [ 87%] Built target nr25_pid
[0.776s] [ 90%] [32mBuilding CXX object CMakeFiles/nr25_dr_c610.dir/src/include/UDP.cpp.o[0m
[5.898s] [ 93%] [32m[1mLinking CXX executable nr25_dr[0m
[5.933s] [ 96%] [32m[1mLinking CXX executable nr25_dr_c610[0m
[6.152s] [ 96%] Built target nr25_dr_c610
[6.153s] [100%] Built target nr25_dr
[6.162s] Invoked command in '/home/ubuntu/ros2_ws/build/f7_udp_cpp' returned '0': CMAKE_PREFIX_PATH=${CMAKE_PREFIX_PATH}:/home/ubuntu/ros2_ws/install/ros2udp:/home/ubuntu/ros2_ws/install/f7_udp:/opt/ros/jazzy DEBUGINFOD_URLS=https://debuginfod.ubuntu.com /usr/bin/cmake --build /home/ubuntu/ros2_ws/build/f7_udp_cpp -- -j12 -l12
[6.169s] Invoking command in '/home/ubuntu/ros2_ws/build/f7_udp_cpp': CMAKE_PREFIX_PATH=${CMAKE_PREFIX_PATH}:/home/ubuntu/ros2_ws/install/ros2udp:/home/ubuntu/ros2_ws/install/f7_udp:/opt/ros/jazzy DEBUGINFOD_URLS=https://debuginfod.ubuntu.com /usr/bin/cmake --install /home/ubuntu/ros2_ws/build/f7_udp_cpp
[6.177s] -- Install configuration: ""
[6.177s] -- Up-to-date: /home/ubuntu/ros2_ws/install/f7_udp_cpp/lib/f7_udp_cpp/nr25_mr
[6.178s] -- Up-to-date: /home/ubuntu/ros2_ws/install/f7_udp_cpp/lib/f7_udp_cpp/nr25_mr_omni
[6.179s] -- Up-to-date: /home/ubuntu/ros2_ws/install/f7_udp_cpp/lib/f7_udp_cpp/nr25_mr_sd
[6.179s] -- Installing: /home/ubuntu/ros2_ws/install/f7_udp_cpp/lib/f7_udp_cpp/nr25_dr
[6.183s] -- Set non-toolchain portion of runtime path of "/home/ubuntu/ros2_ws/install/f7_udp_cpp/lib/f7_udp_cpp/nr25_dr" to ""
[6.184s] -- Up-to-date: /home/ubuntu/ros2_ws/install/f7_udp_cpp/lib/f7_udp_cpp/nr25_dr_omni
[6.184s] -- Up-to-date: /home/ubuntu/ros2_ws/install/f7_udp_cpp/lib/f7_udp_cpp/nr25_dr_sd
[6.185s] -- Up-to-date: /home/ubuntu/ros2_ws/install/f7_udp_cpp/lib/f7_udp_cpp/nr25_enc
[6.185s] -- Up-to-date: /home/ubuntu/ros2_ws/install/f7_udp_cpp/lib/f7_udp_cpp/nr25_pr
[6.186s] -- Up-to-date: /home/ubuntu/ros2_ws/install/f7_udp_cpp/lib/f7_udp_cpp/nr25_vel2js
[6.187s] -- Up-to-date: /home/ubuntu/ros2_ws/install/f7_udp_cpp/lib/f7_udp_cpp/nr25_enc_pid
[6.187s] -- Up-to-date: /home/ubuntu/ros2_ws/install/f7_udp_cpp/lib/f7_udp_cpp/nr25_pid
[6.187s] -- Up-to-date: /home/ubuntu/ros2_ws/install/f7_udp_cpp/share/ament_index/resource_index/package_run_dependencies/f7_udp_cpp
[6.187s] -- Installing: /home/ubuntu/ros2_ws/install/f7_udp_cpp/share/ament_index/resource_index/parent_prefix_path/f7_udp_cpp
[6.187s] -- Up-to-date: /home/ubuntu/ros2_ws/install/f7_udp_cpp/share/f7_udp_cpp/environment/ament_prefix_path.sh
[6.187s] -- Up-to-date: /home/ubuntu/ros2_ws/install/f7_udp_cpp/share/f7_udp_cpp/environment/ament_prefix_path.dsv
[6.187s] -- Up-to-date: /home/ubuntu/ros2_ws/install/f7_udp_cpp/share/f7_udp_cpp/environment/path.sh
[6.187s] -- Up-to-date: /home/ubuntu/ros2_ws/install/f7_udp_cpp/share/f7_udp_cpp/environment/path.dsv
[6.188s] -- Up-to-date: /home/ubuntu/ros2_ws/install/f7_udp_cpp/share/f7_udp_cpp/local_setup.bash
[6.188s] -- Up-to-date: /home/ubuntu/ros2_ws/install/f7_udp_cpp/share/f7_udp_cpp/local_setup.sh
[6.188s] -- Up-to-date: /home/ubuntu/ros2_ws/install/f7_udp_cpp/share/f7_udp_cpp/local_setup.zsh
[6.188s] -- Up-to-date: /home/ubuntu/ros2_ws/install/f7_udp_cpp/share/f7_udp_cpp/local_setup.dsv
[6.188s] -- Installing: /home/ubuntu/ros2_ws/install/f7_udp_cpp/share/f7_udp_cpp/package.dsv
[6.188s] -- Up-to-date: /home/ubuntu/ros2_ws/install/f7_udp_cpp/share/ament_index/resource_index/packages/f7_udp_cpp
[6.188s] -- Up-to-date: /home/ubuntu/ros2_ws/install/f7_udp_cpp/share/f7_udp_cpp/cmake/f7_udp_cppConfig.cmake
[6.188s] -- Up-to-date: /home/ubuntu/ros2_ws/install/f7_udp_cpp/share/f7_udp_cpp/cmake/f7_udp_cppConfig-version.cmake
[6.188s] -- Up-to-date: /home/ubuntu/ros2_ws/install/f7_udp_cpp/share/f7_udp_cpp/package.xml
[6.190s] Invoked command in '/home/ubuntu/ros2_ws/build/f7_udp_cpp' returned '0': CMAKE_PREFIX_PATH=${CMAKE_PREFIX_PATH}:/home/ubuntu/ros2_ws/install/ros2udp:/home/ubuntu/ros2_ws/install/f7_udp:/opt/ros/jazzy DEBUGINFOD_URLS=https://debuginfod.ubuntu.com /usr/bin/cmake --install /home/ubuntu/ros2_ws/build/f7_udp_cpp
