/home/dev/ros2_ws/src/f7_udp/install/f7_udp/lib/python3.10/site-packages/f7_udp/cr24_gui.py
/home/dev/ros2_ws/src/f7_udp/install/f7_udp/lib/python3.10/site-packages/f7_udp/imu_to_odom.py
/home/dev/ros2_ws/src/f7_udp/install/f7_udp/lib/python3.10/site-packages/f7_udp/imu_plotter.py
/home/dev/ros2_ws/src/f7_udp/install/f7_udp/lib/python3.10/site-packages/f7_udp/W4_Omni_Driver.py
/home/dev/ros2_ws/src/f7_udp/install/f7_udp/lib/python3.10/site-packages/f7_udp/NHK2025_Omni_Attitude_Control_imu.py
/home/dev/ros2_ws/src/f7_udp/install/f7_udp/lib/python3.10/site-packages/f7_udp/dir_plotter.py
/home/dev/ros2_ws/src/f7_udp/install/f7_udp/lib/python3.10/site-packages/f7_udp/yaw_publisher.py
/home/dev/ros2_ws/src/f7_udp/install/f7_udp/lib/python3.10/site-packages/f7_udp/cr24_test.py
/home/dev/ros2_ws/src/f7_udp/install/f7_udp/lib/python3.10/site-packages/f7_udp/cr24_manual.py
/home/dev/ros2_ws/src/f7_udp/install/f7_udp/lib/python3.10/site-packages/f7_udp/cr24_manual2_unity.py
/home/dev/ros2_ws/src/f7_udp/install/f7_udp/lib/python3.10/site-packages/f7_udp/enc_obs.py
/home/dev/ros2_ws/src/f7_udp/install/f7_udp/lib/python3.10/site-packages/f7_udp/f7_eth.py
/home/dev/ros2_ws/src/f7_udp/install/f7_udp/lib/python3.10/site-packages/f7_udp/__init__.py
/home/dev/ros2_ws/src/f7_udp/install/f7_udp/lib/python3.10/site-packages/f7_udp/cr24_pos.py
/home/dev/ros2_ws/src/f7_udp/install/f7_udp/lib/python3.10/site-packages/f7_udp/test.py
/home/dev/ros2_ws/src/f7_udp/install/f7_udp/lib/python3.10/site-packages/f7_udp/udp_test.py
/home/dev/ros2_ws/src/f7_udp/install/f7_udp/lib/python3.10/site-packages/f7_udp/PS4_listener.py
/home/dev/ros2_ws/src/f7_udp/install/f7_udp/lib/python3.10/site-packages/f7_udp/cr24_main_unity.py
/home/dev/ros2_ws/src/f7_udp/install/f7_udp/lib/python3.10/site-packages/f7_udp/cr24_yolo_wireless.py
/home/dev/ros2_ws/src/f7_udp/install/f7_udp/lib/python3.10/site-packages/f7_udp/NR25_Omni_HDG_Fix.py
/home/dev/ros2_ws/src/f7_udp/install/f7_udp/lib/python3.10/site-packages/f7_udp/sub_multi_node_example.py
/home/dev/ros2_ws/src/f7_udp/install/f7_udp/lib/python3.10/site-packages/f7_udp/NHK2025_Omni_Driver.py
/home/dev/ros2_ws/src/f7_udp/install/f7_udp/lib/python3.10/site-packages/f7_udp/setoshio_gui_standalone.py
/home/dev/ros2_ws/src/f7_udp/install/f7_udp/lib/python3.10/site-packages/f7_udp/NHK2025_Omni_Attitude_Control_odom.py
/home/dev/ros2_ws/src/f7_udp/install/f7_udp/lib/python3.10/site-packages/f7_udp/NR25_Omni_V_Ctrl.py
/home/dev/ros2_ws/src/f7_udp/install/f7_udp/lib/python3.10/site-packages/f7_udp/cr24_manual2.py
/home/dev/ros2_ws/src/f7_udp/install/f7_udp/lib/python3.10/site-packages/f7_udp/yolov8_setoshio_pub.py
/home/dev/ros2_ws/src/f7_udp/install/f7_udp/lib/python3.10/site-packages/f7_udp/Omni_Driver.py
/home/dev/ros2_ws/src/f7_udp/install/f7_udp/lib/python3.10/site-packages/f7_udp/cr24_main.py
/home/dev/ros2_ws/src/f7_udp/install/f7_udp/lib/python3.10/site-packages/f7_udp/enc_plotter.py
/home/dev/ros2_ws/src/f7_udp/install/f7_udp/lib/python3.10/site-packages/f7_udp/yolo_setoshio_gui.py
/home/dev/ros2_ws/src/f7_udp/install/f7_udp/lib/python3.10/site-packages/f7_udp/__pycache__/cr24_gui.cpython-310.pyc
/home/dev/ros2_ws/src/f7_udp/install/f7_udp/lib/python3.10/site-packages/f7_udp/__pycache__/imu_to_odom.cpython-310.pyc
/home/dev/ros2_ws/src/f7_udp/install/f7_udp/lib/python3.10/site-packages/f7_udp/__pycache__/imu_plotter.cpython-310.pyc
/home/dev/ros2_ws/src/f7_udp/install/f7_udp/lib/python3.10/site-packages/f7_udp/__pycache__/W4_Omni_Driver.cpython-310.pyc
/home/dev/ros2_ws/src/f7_udp/install/f7_udp/lib/python3.10/site-packages/f7_udp/__pycache__/NHK2025_Omni_Attitude_Control_imu.cpython-310.pyc
/home/dev/ros2_ws/src/f7_udp/install/f7_udp/lib/python3.10/site-packages/f7_udp/__pycache__/dir_plotter.cpython-310.pyc
/home/dev/ros2_ws/src/f7_udp/install/f7_udp/lib/python3.10/site-packages/f7_udp/__pycache__/yaw_publisher.cpython-310.pyc
/home/dev/ros2_ws/src/f7_udp/install/f7_udp/lib/python3.10/site-packages/f7_udp/__pycache__/cr24_test.cpython-310.pyc
/home/dev/ros2_ws/src/f7_udp/install/f7_udp/lib/python3.10/site-packages/f7_udp/__pycache__/cr24_manual.cpython-310.pyc
/home/dev/ros2_ws/src/f7_udp/install/f7_udp/lib/python3.10/site-packages/f7_udp/__pycache__/cr24_manual2_unity.cpython-310.pyc
/home/dev/ros2_ws/src/f7_udp/install/f7_udp/lib/python3.10/site-packages/f7_udp/__pycache__/enc_obs.cpython-310.pyc
/home/dev/ros2_ws/src/f7_udp/install/f7_udp/lib/python3.10/site-packages/f7_udp/__pycache__/f7_eth.cpython-310.pyc
/home/dev/ros2_ws/src/f7_udp/install/f7_udp/lib/python3.10/site-packages/f7_udp/__pycache__/__init__.cpython-310.pyc
/home/dev/ros2_ws/src/f7_udp/install/f7_udp/lib/python3.10/site-packages/f7_udp/__pycache__/cr24_pos.cpython-310.pyc
/home/dev/ros2_ws/src/f7_udp/install/f7_udp/lib/python3.10/site-packages/f7_udp/__pycache__/test.cpython-310.pyc
/home/dev/ros2_ws/src/f7_udp/install/f7_udp/lib/python3.10/site-packages/f7_udp/__pycache__/udp_test.cpython-310.pyc
/home/dev/ros2_ws/src/f7_udp/install/f7_udp/lib/python3.10/site-packages/f7_udp/__pycache__/PS4_listener.cpython-310.pyc
/home/dev/ros2_ws/src/f7_udp/install/f7_udp/lib/python3.10/site-packages/f7_udp/__pycache__/cr24_main_unity.cpython-310.pyc
/home/dev/ros2_ws/src/f7_udp/install/f7_udp/lib/python3.10/site-packages/f7_udp/__pycache__/cr24_yolo_wireless.cpython-310.pyc
/home/dev/ros2_ws/src/f7_udp/install/f7_udp/lib/python3.10/site-packages/f7_udp/__pycache__/NR25_Omni_HDG_Fix.cpython-310.pyc
/home/dev/ros2_ws/src/f7_udp/install/f7_udp/lib/python3.10/site-packages/f7_udp/__pycache__/sub_multi_node_example.cpython-310.pyc
/home/dev/ros2_ws/src/f7_udp/install/f7_udp/lib/python3.10/site-packages/f7_udp/__pycache__/NHK2025_Omni_Driver.cpython-310.pyc
/home/dev/ros2_ws/src/f7_udp/install/f7_udp/lib/python3.10/site-packages/f7_udp/__pycache__/setoshio_gui_standalone.cpython-310.pyc
/home/dev/ros2_ws/src/f7_udp/install/f7_udp/lib/python3.10/site-packages/f7_udp/__pycache__/NHK2025_Omni_Attitude_Control_odom.cpython-310.pyc
/home/dev/ros2_ws/src/f7_udp/install/f7_udp/lib/python3.10/site-packages/f7_udp/__pycache__/NR25_Omni_V_Ctrl.cpython-310.pyc
/home/dev/ros2_ws/src/f7_udp/install/f7_udp/lib/python3.10/site-packages/f7_udp/__pycache__/cr24_manual2.cpython-310.pyc
/home/dev/ros2_ws/src/f7_udp/install/f7_udp/lib/python3.10/site-packages/f7_udp/__pycache__/yolov8_setoshio_pub.cpython-310.pyc
/home/dev/ros2_ws/src/f7_udp/install/f7_udp/lib/python3.10/site-packages/f7_udp/__pycache__/Omni_Driver.cpython-310.pyc
/home/dev/ros2_ws/src/f7_udp/install/f7_udp/lib/python3.10/site-packages/f7_udp/__pycache__/cr24_main.cpython-310.pyc
/home/dev/ros2_ws/src/f7_udp/install/f7_udp/lib/python3.10/site-packages/f7_udp/__pycache__/enc_plotter.cpython-310.pyc
/home/dev/ros2_ws/src/f7_udp/install/f7_udp/lib/python3.10/site-packages/f7_udp/__pycache__/yolo_setoshio_gui.cpython-310.pyc
/home/dev/ros2_ws/src/f7_udp/install/f7_udp/share/ament_index/resource_index/packages/f7_udp
/home/dev/ros2_ws/src/f7_udp/install/f7_udp/share/f7_udp/package.xml
/home/dev/ros2_ws/src/f7_udp/install/f7_udp/lib/python3.10/site-packages/f7_udp-0.0.0-py3.10.egg-info/PKG-INFO
/home/dev/ros2_ws/src/f7_udp/install/f7_udp/lib/python3.10/site-packages/f7_udp-0.0.0-py3.10.egg-info/top_level.txt
/home/dev/ros2_ws/src/f7_udp/install/f7_udp/lib/python3.10/site-packages/f7_udp-0.0.0-py3.10.egg-info/entry_points.txt
/home/dev/ros2_ws/src/f7_udp/install/f7_udp/lib/python3.10/site-packages/f7_udp-0.0.0-py3.10.egg-info/requires.txt
/home/dev/ros2_ws/src/f7_udp/install/f7_udp/lib/python3.10/site-packages/f7_udp-0.0.0-py3.10.egg-info/dependency_links.txt
/home/dev/ros2_ws/src/f7_udp/install/f7_udp/lib/python3.10/site-packages/f7_udp-0.0.0-py3.10.egg-info/zip-safe
/home/dev/ros2_ws/src/f7_udp/install/f7_udp/lib/python3.10/site-packages/f7_udp-0.0.0-py3.10.egg-info/SOURCES.txt
/home/dev/ros2_ws/src/f7_udp/install/f7_udp/lib/f7_udp/4_omni
/home/dev/ros2_ws/src/f7_udp/install/f7_udp/lib/f7_udp/cr24_gui
/home/dev/ros2_ws/src/f7_udp/install/f7_udp/lib/f7_udp/cr24_main
/home/dev/ros2_ws/src/f7_udp/install/f7_udp/lib/f7_udp/cr24_main_apk
/home/dev/ros2_ws/src/f7_udp/install/f7_udp/lib/f7_udp/cr24_main_manual
/home/dev/ros2_ws/src/f7_udp/install/f7_udp/lib/f7_udp/cr24_main_manual2
/home/dev/ros2_ws/src/f7_udp/install/f7_udp/lib/f7_udp/cr24_manual2_apk
/home/dev/ros2_ws/src/f7_udp/install/f7_udp/lib/f7_udp/cr24_pos
/home/dev/ros2_ws/src/f7_udp/install/f7_udp/lib/f7_udp/cr24_test
/home/dev/ros2_ws/src/f7_udp/install/f7_udp/lib/f7_udp/cr24_wlcam
/home/dev/ros2_ws/src/f7_udp/install/f7_udp/lib/f7_udp/dir_plotter
/home/dev/ros2_ws/src/f7_udp/install/f7_udp/lib/f7_udp/enc_obs
/home/dev/ros2_ws/src/f7_udp/install/f7_udp/lib/f7_udp/enc_plotter
/home/dev/ros2_ws/src/f7_udp/install/f7_udp/lib/f7_udp/imu_plotter
/home/dev/ros2_ws/src/f7_udp/install/f7_udp/lib/f7_udp/imu_to_odom
/home/dev/ros2_ws/src/f7_udp/install/f7_udp/lib/f7_udp/listener
/home/dev/ros2_ws/src/f7_udp/install/f7_udp/lib/f7_udp/nr25_ohf
/home/dev/ros2_ws/src/f7_udp/install/f7_udp/lib/f7_udp/nr25_omni
/home/dev/ros2_ws/src/f7_udp/install/f7_udp/lib/f7_udp/nr25_omni_imu
/home/dev/ros2_ws/src/f7_udp/install/f7_udp/lib/f7_udp/nr25_omni_odom
/home/dev/ros2_ws/src/f7_udp/install/f7_udp/lib/f7_udp/nr25_vc
/home/dev/ros2_ws/src/f7_udp/install/f7_udp/lib/f7_udp/setoshio
/home/dev/ros2_ws/src/f7_udp/install/f7_udp/lib/f7_udp/setoshio_gui
/home/dev/ros2_ws/src/f7_udp/install/f7_udp/lib/f7_udp/yaw_pub
