running egg_info
writing ../build/f7_udp/f7_udp.egg-info/PKG-INFO
writing dependency_links to ../build/f7_udp/f7_udp.egg-info/dependency_links.txt
writing entry points to ../build/f7_udp/f7_udp.egg-info/entry_points.txt
writing requirements to ../build/f7_udp/f7_udp.egg-info/requires.txt
writing top-level names to ../build/f7_udp/f7_udp.egg-info/top_level.txt
reading manifest file '../build/f7_udp/f7_udp.egg-info/SOURCES.txt'
adding license file 'LICENSE'
writing manifest file '../build/f7_udp/f7_udp.egg-info/SOURCES.txt'
running build
running build_py
running install
running install_lib
running install_data
running install_egg_info
removing '/home/ubuntu/ros2_ws/install/f7_udp/lib/python3.12/site-packages/f7_udp-0.0.0-py3.12.egg-info' (and everything under it)
Copying ../build/f7_udp/f7_udp.egg-info to /home/ubuntu/ros2_ws/install/f7_udp/lib/python3.12/site-packages/f7_udp-0.0.0-py3.12.egg-info
running install_scripts
Installing 4_omni script to /home/ubuntu/ros2_ws/install/f7_udp/lib/f7_udp
Installing cr24_exh_automatic script to /home/ubuntu/ros2_ws/install/f7_udp/lib/f7_udp
Installing cr24_exh_gui script to /home/ubuntu/ros2_ws/install/f7_udp/lib/f7_udp
Installing cr24_exh_manual script to /home/ubuntu/ros2_ws/install/f7_udp/lib/f7_udp
Installing cr24_exh_yolo script to /home/ubuntu/ros2_ws/install/f7_udp/lib/f7_udp
Installing cr24_gui script to /home/ubuntu/ros2_ws/install/f7_udp/lib/f7_udp
Installing cr24_main script to /home/ubuntu/ros2_ws/install/f7_udp/lib/f7_udp
Installing cr24_main_apk script to /home/ubuntu/ros2_ws/install/f7_udp/lib/f7_udp
Installing cr24_main_manual script to /home/ubuntu/ros2_ws/install/f7_udp/lib/f7_udp
Installing cr24_main_manual2 script to /home/ubuntu/ros2_ws/install/f7_udp/lib/f7_udp
Installing cr24_manual2_apk script to /home/ubuntu/ros2_ws/install/f7_udp/lib/f7_udp
Installing cr24_pos script to /home/ubuntu/ros2_ws/install/f7_udp/lib/f7_udp
Installing cr24_test script to /home/ubuntu/ros2_ws/install/f7_udp/lib/f7_udp
Installing cr24_wlcam script to /home/ubuntu/ros2_ws/install/f7_udp/lib/f7_udp
Installing dir_plotter script to /home/ubuntu/ros2_ws/install/f7_udp/lib/f7_udp
Installing enc_obs script to /home/ubuntu/ros2_ws/install/f7_udp/lib/f7_udp
Installing enc_plotter script to /home/ubuntu/ros2_ws/install/f7_udp/lib/f7_udp
Installing imu_plotter script to /home/ubuntu/ros2_ws/install/f7_udp/lib/f7_udp
Installing imu_to_odom script to /home/ubuntu/ros2_ws/install/f7_udp/lib/f7_udp
Installing listener script to /home/ubuntu/ros2_ws/install/f7_udp/lib/f7_udp
Installing nr25_dr script to /home/ubuntu/ros2_ws/install/f7_udp/lib/f7_udp
Installing nr25_dr_ff_ad script to /home/ubuntu/ros2_ws/install/f7_udp/lib/f7_udp
Installing nr25_mr script to /home/ubuntu/ros2_ws/install/f7_udp/lib/f7_udp
Installing nr25_mr_ff_ad script to /home/ubuntu/ros2_ws/install/f7_udp/lib/f7_udp
Installing nr25_ohf script to /home/ubuntu/ros2_ws/install/f7_udp/lib/f7_udp
Installing nr25_omni script to /home/ubuntu/ros2_ws/install/f7_udp/lib/f7_udp
Installing nr25_omni_imu script to /home/ubuntu/ros2_ws/install/f7_udp/lib/f7_udp
Installing nr25_omni_odom script to /home/ubuntu/ros2_ws/install/f7_udp/lib/f7_udp
Installing nr25_pr_flet script to /home/ubuntu/ros2_ws/install/f7_udp/lib/f7_udp
Installing nr25_pr_tuner script to /home/ubuntu/ros2_ws/install/f7_udp/lib/f7_udp
Installing nr25_sd script to /home/ubuntu/ros2_ws/install/f7_udp/lib/f7_udp
Installing nr25_vc script to /home/ubuntu/ros2_ws/install/f7_udp/lib/f7_udp
Installing setoshio script to /home/ubuntu/ros2_ws/install/f7_udp/lib/f7_udp
Installing setoshio_gui script to /home/ubuntu/ros2_ws/install/f7_udp/lib/f7_udp
Installing yaw_pub script to /home/ubuntu/ros2_ws/install/f7_udp/lib/f7_udp
writing list of installed files to '/home/ubuntu/ros2_ws/build/f7_udp/install.log'
