-- The C compiler identification is GNU 13.3.0
-- The CXX compiler identification is GNU 13.3.0
-- Detecting C compiler ABI info
-- Detecting C compiler ABI info - done
-- Check for working C compiler: /usr/bin/cc - skipped
-- Detecting C compile features
-- Detecting C compile features - done
-- Detecting CXX compiler ABI info
-- Detecting CXX compiler ABI info - done
-- Check for working CXX compiler: /usr/bin/c++ - skipped
-- Detecting CXX compile features
-- Detecting CXX compile features - done
-- Found ament_cmake: 2.5.2 (/opt/ros/jazzy/share/ament_cmake/cmake)
-- Found Python3: /usr/bin/python3 (found version "3.12.3") found components: Interpreter 
-- Found rclcpp: 28.1.5 (/opt/ros/jazzy/share/rclcpp/cmake)
-- Found rosidl_generator_c: 4.6.4 (/opt/ros/jazzy/share/rosidl_generator_c/cmake)
-- Found rosidl_generator_cpp: 4.6.4 (/opt/ros/jazzy/share/rosidl_generator_cpp/cmake)
-- Using all available rosidl_typesupport_c: rosidl_typesupport_fastrtps_c;rosidl_typesupport_introspection_c
-- Using all available rosidl_typesupport_cpp: rosidl_typesupport_fastrtps_cpp;rosidl_typesupport_introspection_cpp
-- Found rmw_implementation_cmake: 7.3.1 (/opt/ros/jazzy/share/rmw_implementation_cmake/cmake)
-- Found rmw_fastrtps_cpp: 8.4.1 (/opt/ros/jazzy/share/rmw_fastrtps_cpp/cmake)
-- Found OpenSSL: /usr/lib/x86_64-linux-gnu/libcrypto.so (found version "3.0.13")  
-- Found FastRTPS: /opt/ros/jazzy/include (Required is at least version "2.13") 
-- Using RMW implementation 'rmw_fastrtps_cpp' as default
-- Found std_msgs: 5.3.5 (/opt/ros/jazzy/share/std_msgs/cmake)
-- Found sensor_msgs: 5.3.5 (/opt/ros/jazzy/share/sensor_msgs/cmake)
-- Configuring done (1.8s)
-- Generating done (0.0s)
-- Build files have been written to: /home/ubuntu/ros2_ws/build/f7_udp_cpp
[  3%] [32mBuilding CXX object CMakeFiles/nr25_enc_pid.dir/src/NR25_ENC_PID.cpp.o[0m
[  6%] [32mBuilding CXX object CMakeFiles/nr25_dr_sd.dir/src/NR25_DR_SwerveDrive.cpp.o[0m
[ 10%] [32mBuilding CXX object CMakeFiles/nr25_mr_omni.dir/src/NR25_MR_Omni.cpp.o[0m
[ 13%] [32mBuilding CXX object CMakeFiles/nr25_mr.dir/src/include/UDP.cpp.o[0m
[ 20%] [32mBuilding CXX object CMakeFiles/nr25_mr_sd.dir/src/NR25_MR_SwerveDrive.cpp.o[0m
[ 24%] [32mBuilding CXX object CMakeFiles/nr25_pr.dir/src/NR25_Parameter_Tuner.cpp.o[0m
[ 27%] [32mBuilding CXX object CMakeFiles/nr25_vel2js.dir/src/NR25_Vel_to_JointState.cpp.o[0m
[ 20%] [32mBuilding CXX object CMakeFiles/nr25_mr.dir/src/NR25_MR.cpp.o[0m
[ 31%] [32mBuilding CXX object CMakeFiles/nr25_dr_omni.dir/src/NR25_DR_Omni.cpp.o[0m
[ 34%] [32mBuilding CXX object CMakeFiles/nr25_pid.dir/src/NR25_PID.cpp.o[0m
[ 37%] [32mBuilding CXX object CMakeFiles/nr25_dr.dir/src/NR25_DR.cpp.o[0m
[ 41%] [32mBuilding CXX object CMakeFiles/nr25_enc.dir/src/NR25_ENC.cpp.o[0m
[ 44%] [32mBuilding CXX object CMakeFiles/nr25_dr_omni.dir/src/include/UDP.cpp.o[0m
[ 48%] [32mBuilding CXX object CMakeFiles/nr25_dr.dir/src/include/UDP.cpp.o[0m
[ 51%] [32mBuilding CXX object CMakeFiles/nr25_mr_sd.dir/src/include/UDP.cpp.o[0m
[ 55%] [32mBuilding CXX object CMakeFiles/nr25_dr_sd.dir/src/include/UDP.cpp.o[0m
[ 58%] [32mBuilding CXX object CMakeFiles/nr25_mr_omni.dir/src/include/UDP.cpp.o[0m
[ 62%] [32mBuilding CXX object CMakeFiles/nr25_pid.dir/src/include/UDP.cpp.o[0m
[ 68%] [32m[1mLinking CXX executable nr25_enc[0m
[ 68%] [32m[1mLinking CXX executable nr25_enc_pid[0m
[ 72%] [32m[1mLinking CXX executable nr25_pr[0m
[ 72%] Built target nr25_enc
[ 72%] Built target nr25_pr
[ 72%] Built target nr25_enc_pid
[ 75%] [32m[1mLinking CXX executable nr25_dr[0m
[ 79%] [32m[1mLinking CXX executable nr25_mr_omni[0m
[ 82%] [32m[1mLinking CXX executable nr25_dr_sd[0m
[ 82%] Built target nr25_dr
[ 86%] [32m[1mLinking CXX executable nr25_dr_omni[0m
[ 86%] Built target nr25_mr_omni
[ 86%] Built target nr25_dr_sd
[ 89%] [32m[1mLinking CXX executable nr25_pid[0m
[ 89%] Built target nr25_dr_omni
[ 93%] [32m[1mLinking CXX executable nr25_mr[0m
[ 93%] Built target nr25_pid
[ 96%] [32m[1mLinking CXX executable nr25_mr_sd[0m
[ 96%] Built target nr25_mr
[ 96%] Built target nr25_mr_sd
[100%] [32m[1mLinking CXX executable nr25_vel2js[0m
[100%] Built target nr25_vel2js
-- Install configuration: ""
-- Installing: /home/ubuntu/ros2_ws/install/f7_udp_cpp/lib/f7_udp_cpp/nr25_mr
-- Set non-toolchain portion of runtime path of "/home/ubuntu/ros2_ws/install/f7_udp_cpp/lib/f7_udp_cpp/nr25_mr" to ""
-- Installing: /home/ubuntu/ros2_ws/install/f7_udp_cpp/lib/f7_udp_cpp/nr25_mr_omni
-- Set non-toolchain portion of runtime path of "/home/ubuntu/ros2_ws/install/f7_udp_cpp/lib/f7_udp_cpp/nr25_mr_omni" to ""
-- Installing: /home/ubuntu/ros2_ws/install/f7_udp_cpp/lib/f7_udp_cpp/nr25_mr_sd
-- Set non-toolchain portion of runtime path of "/home/ubuntu/ros2_ws/install/f7_udp_cpp/lib/f7_udp_cpp/nr25_mr_sd" to ""
-- Installing: /home/ubuntu/ros2_ws/install/f7_udp_cpp/lib/f7_udp_cpp/nr25_dr
-- Set non-toolchain portion of runtime path of "/home/ubuntu/ros2_ws/install/f7_udp_cpp/lib/f7_udp_cpp/nr25_dr" to ""
-- Installing: /home/ubuntu/ros2_ws/install/f7_udp_cpp/lib/f7_udp_cpp/nr25_dr_omni
-- Set non-toolchain portion of runtime path of "/home/ubuntu/ros2_ws/install/f7_udp_cpp/lib/f7_udp_cpp/nr25_dr_omni" to ""
-- Installing: /home/ubuntu/ros2_ws/install/f7_udp_cpp/lib/f7_udp_cpp/nr25_dr_sd
-- Set non-toolchain portion of runtime path of "/home/ubuntu/ros2_ws/install/f7_udp_cpp/lib/f7_udp_cpp/nr25_dr_sd" to ""
-- Installing: /home/ubuntu/ros2_ws/install/f7_udp_cpp/lib/f7_udp_cpp/nr25_enc
-- Set non-toolchain portion of runtime path of "/home/ubuntu/ros2_ws/install/f7_udp_cpp/lib/f7_udp_cpp/nr25_enc" to ""
-- Installing: /home/ubuntu/ros2_ws/install/f7_udp_cpp/lib/f7_udp_cpp/nr25_pr
-- Set non-toolchain portion of runtime path of "/home/ubuntu/ros2_ws/install/f7_udp_cpp/lib/f7_udp_cpp/nr25_pr" to ""
-- Installing: /home/ubuntu/ros2_ws/install/f7_udp_cpp/lib/f7_udp_cpp/nr25_vel2js
-- Set non-toolchain portion of runtime path of "/home/ubuntu/ros2_ws/install/f7_udp_cpp/lib/f7_udp_cpp/nr25_vel2js" to ""
-- Installing: /home/ubuntu/ros2_ws/install/f7_udp_cpp/lib/f7_udp_cpp/nr25_enc_pid
-- Set non-toolchain portion of runtime path of "/home/ubuntu/ros2_ws/install/f7_udp_cpp/lib/f7_udp_cpp/nr25_enc_pid" to ""
-- Installing: /home/ubuntu/ros2_ws/install/f7_udp_cpp/lib/f7_udp_cpp/nr25_pid
-- Set non-toolchain portion of runtime path of "/home/ubuntu/ros2_ws/install/f7_udp_cpp/lib/f7_udp_cpp/nr25_pid" to ""
-- Installing: /home/ubuntu/ros2_ws/install/f7_udp_cpp/share/ament_index/resource_index/package_run_dependencies/f7_udp_cpp
-- Installing: /home/ubuntu/ros2_ws/install/f7_udp_cpp/share/ament_index/resource_index/parent_prefix_path/f7_udp_cpp
-- Installing: /home/ubuntu/ros2_ws/install/f7_udp_cpp/share/f7_udp_cpp/environment/ament_prefix_path.sh
-- Installing: /home/ubuntu/ros2_ws/install/f7_udp_cpp/share/f7_udp_cpp/environment/ament_prefix_path.dsv
-- Installing: /home/ubuntu/ros2_ws/install/f7_udp_cpp/share/f7_udp_cpp/environment/path.sh
-- Installing: /home/ubuntu/ros2_ws/install/f7_udp_cpp/share/f7_udp_cpp/environment/path.dsv
-- Installing: /home/ubuntu/ros2_ws/install/f7_udp_cpp/share/f7_udp_cpp/local_setup.bash
-- Installing: /home/ubuntu/ros2_ws/install/f7_udp_cpp/share/f7_udp_cpp/local_setup.sh
-- Installing: /home/ubuntu/ros2_ws/install/f7_udp_cpp/share/f7_udp_cpp/local_setup.zsh
-- Installing: /home/ubuntu/ros2_ws/install/f7_udp_cpp/share/f7_udp_cpp/local_setup.dsv
-- Installing: /home/ubuntu/ros2_ws/install/f7_udp_cpp/share/f7_udp_cpp/package.dsv
-- Installing: /home/ubuntu/ros2_ws/install/f7_udp_cpp/share/ament_index/resource_index/packages/f7_udp_cpp
-- Installing: /home/ubuntu/ros2_ws/install/f7_udp_cpp/share/f7_udp_cpp/cmake/f7_udp_cppConfig.cmake
-- Installing: /home/ubuntu/ros2_ws/install/f7_udp_cpp/share/f7_udp_cpp/cmake/f7_udp_cppConfig-version.cmake
-- Installing: /home/ubuntu/ros2_ws/install/f7_udp_cpp/share/f7_udp_cpp/package.xml
