[0.705s] Invoking command in '/home/ubuntu/ros2_ws/ros2udp': DEBUGINFOD_URLS=https://debuginfod.ubuntu.com PYTHONPATH=/home/ubuntu/ros2_ws/build/ros2udp/prefix_override:/usr/lib/python3/dist-packages/colcon_core/task/python/colcon_distutils_commands:/home/ubuntu/ros2_ws/install/ros2udp/lib/python3.12/site-packages: /usr/bin/python3 -W ignore:setup.py install is deprecated -W ignore:easy_install command is deprecated setup.py egg_info --egg-base ../build/ros2udp build --build-base /home/ubuntu/ros2_ws/build/ros2udp/build install --record /home/ubuntu/ros2_ws/build/ros2udp/install.log --single-version-externally-managed install_data
[0.842s] running egg_info
[0.852s] writing ../build/ros2udp/ros2udp.egg-info/PKG-INFO
[0.853s] writing dependency_links to ../build/ros2udp/ros2udp.egg-info/dependency_links.txt
[0.853s] writing entry points to ../build/ros2udp/ros2udp.egg-info/entry_points.txt
[0.853s] writing requirements to ../build/ros2udp/ros2udp.egg-info/requires.txt
[0.853s] writing top-level names to ../build/ros2udp/ros2udp.egg-info/top_level.txt
[0.870s] reading manifest file '../build/ros2udp/ros2udp.egg-info/SOURCES.txt'
[0.870s] adding license file 'LICENSE'
[0.871s] writing manifest file '../build/ros2udp/ros2udp.egg-info/SOURCES.txt'
[0.871s] running build
[0.871s] running build_py
[0.872s] running install
[0.877s] running install_lib
[0.889s] running install_data
[0.889s] running install_egg_info
[0.901s] removing '/home/ubuntu/ros2_ws/install/ros2udp/lib/python3.12/site-packages/ros2udp-0.0.0-py3.12.egg-info' (and everything under it)
[0.901s] Copying ../build/ros2udp/ros2udp.egg-info to /home/ubuntu/ros2_ws/install/ros2udp/lib/python3.12/site-packages/ros2udp-0.0.0-py3.12.egg-info
[0.902s] running install_scripts
[0.989s] Installing 4_omni script to /home/ubuntu/ros2_ws/install/ros2udp/lib/ros2udp
[0.990s] Installing cr24_exh_automatic script to /home/ubuntu/ros2_ws/install/ros2udp/lib/ros2udp
[0.990s] Installing cr24_exh_gui script to /home/ubuntu/ros2_ws/install/ros2udp/lib/ros2udp
[0.990s] Installing cr24_exh_manual script to /home/ubuntu/ros2_ws/install/ros2udp/lib/ros2udp
[0.990s] Installing cr24_exh_yolo script to /home/ubuntu/ros2_ws/install/ros2udp/lib/ros2udp
[0.990s] Installing cr24_gui script to /home/ubuntu/ros2_ws/install/ros2udp/lib/ros2udp
[0.991s] Installing cr24_main script to /home/ubuntu/ros2_ws/install/ros2udp/lib/ros2udp
[0.991s] Installing cr24_main_apk script to /home/ubuntu/ros2_ws/install/ros2udp/lib/ros2udp
[0.991s] Installing cr24_main_manual script to /home/ubuntu/ros2_ws/install/ros2udp/lib/ros2udp
[0.991s] Installing cr24_main_manual2 script to /home/ubuntu/ros2_ws/install/ros2udp/lib/ros2udp
[0.991s] Installing cr24_manual2_apk script to /home/ubuntu/ros2_ws/install/ros2udp/lib/ros2udp
[0.991s] Installing cr24_pos script to /home/ubuntu/ros2_ws/install/ros2udp/lib/ros2udp
[0.991s] Installing cr24_test script to /home/ubuntu/ros2_ws/install/ros2udp/lib/ros2udp
[0.991s] Installing cr24_wlcam script to /home/ubuntu/ros2_ws/install/ros2udp/lib/ros2udp
[0.991s] Installing dir_plotter script to /home/ubuntu/ros2_ws/install/ros2udp/lib/ros2udp
[0.992s] Installing enc_obs script to /home/ubuntu/ros2_ws/install/ros2udp/lib/ros2udp
[0.992s] Installing enc_plotter script to /home/ubuntu/ros2_ws/install/ros2udp/lib/ros2udp
[0.992s] Installing imu_plotter script to /home/ubuntu/ros2_ws/install/ros2udp/lib/ros2udp
[0.992s] Installing imu_to_odom script to /home/ubuntu/ros2_ws/install/ros2udp/lib/ros2udp
[0.992s] Installing listener script to /home/ubuntu/ros2_ws/install/ros2udp/lib/ros2udp
[0.992s] Installing nr25_dev script to /home/ubuntu/ros2_ws/install/ros2udp/lib/ros2udp
[0.992s] Installing nr25_dr script to /home/ubuntu/ros2_ws/install/ros2udp/lib/ros2udp
[0.992s] Installing nr25_dr_omni script to /home/ubuntu/ros2_ws/install/ros2udp/lib/ros2udp
[0.992s] Installing nr25_dr_sd script to /home/ubuntu/ros2_ws/install/ros2udp/lib/ros2udp
[0.992s] Installing nr25_mr script to /home/ubuntu/ros2_ws/install/ros2udp/lib/ros2udp
[0.993s] Installing nr25_mr_omni script to /home/ubuntu/ros2_ws/install/ros2udp/lib/ros2udp
[0.993s] Installing nr25_mr_sd script to /home/ubuntu/ros2_ws/install/ros2udp/lib/ros2udp
[0.993s] Installing nr25_ohf script to /home/ubuntu/ros2_ws/install/ros2udp/lib/ros2udp
[0.993s] Installing nr25_omni script to /home/ubuntu/ros2_ws/install/ros2udp/lib/ros2udp
[0.993s] Installing nr25_omni_imu script to /home/ubuntu/ros2_ws/install/ros2udp/lib/ros2udp
[0.993s] Installing nr25_omni_odom script to /home/ubuntu/ros2_ws/install/ros2udp/lib/ros2udp
[0.993s] Installing nr25_pr_tuner script to /home/ubuntu/ros2_ws/install/ros2udp/lib/ros2udp
[0.993s] Installing nr25_vc script to /home/ubuntu/ros2_ws/install/ros2udp/lib/ros2udp
[0.993s] Installing setoshio script to /home/ubuntu/ros2_ws/install/ros2udp/lib/ros2udp
[0.993s] Installing setoshio_gui script to /home/ubuntu/ros2_ws/install/ros2udp/lib/ros2udp
[0.994s] Installing yaw_pub script to /home/ubuntu/ros2_ws/install/ros2udp/lib/ros2udp
[0.994s] writing list of installed files to '/home/ubuntu/ros2_ws/build/ros2udp/install.log'
[1.019s] Invoked command in '/home/ubuntu/ros2_ws/ros2udp' returned '0': DEBUGINFOD_URLS=https://debuginfod.ubuntu.com PYTHONPATH=/home/ubuntu/ros2_ws/build/ros2udp/prefix_override:/usr/lib/python3/dist-packages/colcon_core/task/python/colcon_distutils_commands:/home/ubuntu/ros2_ws/install/ros2udp/lib/python3.12/site-packages: /usr/bin/python3 -W ignore:setup.py install is deprecated -W ignore:easy_install command is deprecated setup.py egg_info --egg-base ../build/ros2udp build --build-base /home/ubuntu/ros2_ws/build/ros2udp/build install --record /home/ubuntu/ros2_ws/build/ros2udp/install.log --single-version-externally-managed install_data
