[0.380s] Invoking command in '/home/dev/ros2_ws/src/f7_udp': PYTHONPATH=/home/dev/ros2_ws/src/f7_udp/build/f7_udp/prefix_override:/usr/lib/python3/dist-packages/colcon_core/task/python/colcon_distutils_commands:/home/dev/ros2_ws/src/f7_udp/install/f7_udp/lib/python3.10/site-packages:${PYTHONPATH} /usr/bin/python3 -W ignore:setup.py install is deprecated setup.py egg_info --egg-base build/f7_udp build --build-base /home/dev/ros2_ws/src/f7_udp/build/f7_udp/build install --record /home/dev/ros2_ws/src/f7_udp/build/f7_udp/install.log --single-version-externally-managed install_data
[0.537s] running egg_info
[0.537s] writing build/f7_udp/f7_udp.egg-info/PKG-INFO
[0.538s] writing dependency_links to build/f7_udp/f7_udp.egg-info/dependency_links.txt
[0.538s] writing entry points to build/f7_udp/f7_udp.egg-info/entry_points.txt
[0.538s] writing requirements to build/f7_udp/f7_udp.egg-info/requires.txt
[0.538s] writing top-level names to build/f7_udp/f7_udp.egg-info/top_level.txt
[0.541s] reading manifest file 'build/f7_udp/f7_udp.egg-info/SOURCES.txt'
[0.541s] adding license file 'LICENSE'
[0.542s] writing manifest file 'build/f7_udp/f7_udp.egg-info/SOURCES.txt'
[0.542s] running build
[0.542s] running build_py
[0.543s] running install
[0.543s] running install_lib
[0.545s] running install_data
[0.545s] running install_egg_info
[0.546s] removing '/home/dev/ros2_ws/src/f7_udp/install/f7_udp/lib/python3.10/site-packages/f7_udp-0.0.0-py3.10.egg-info' (and everything under it)
[0.546s] Copying build/f7_udp/f7_udp.egg-info to /home/dev/ros2_ws/src/f7_udp/install/f7_udp/lib/python3.10/site-packages/f7_udp-0.0.0-py3.10.egg-info
[0.547s] running install_scripts
[0.561s] Installing 4_omni script to /home/dev/ros2_ws/src/f7_udp/install/f7_udp/lib/f7_udp
[0.561s] Installing cr24_gui script to /home/dev/ros2_ws/src/f7_udp/install/f7_udp/lib/f7_udp
[0.561s] Installing cr24_main script to /home/dev/ros2_ws/src/f7_udp/install/f7_udp/lib/f7_udp
[0.561s] Installing cr24_main_apk script to /home/dev/ros2_ws/src/f7_udp/install/f7_udp/lib/f7_udp
[0.561s] Installing cr24_main_manual script to /home/dev/ros2_ws/src/f7_udp/install/f7_udp/lib/f7_udp
[0.561s] Installing cr24_main_manual2 script to /home/dev/ros2_ws/src/f7_udp/install/f7_udp/lib/f7_udp
[0.562s] Installing cr24_manual2_apk script to /home/dev/ros2_ws/src/f7_udp/install/f7_udp/lib/f7_udp
[0.562s] Installing cr24_pos script to /home/dev/ros2_ws/src/f7_udp/install/f7_udp/lib/f7_udp
[0.562s] Installing cr24_test script to /home/dev/ros2_ws/src/f7_udp/install/f7_udp/lib/f7_udp
[0.562s] Installing cr24_wlcam script to /home/dev/ros2_ws/src/f7_udp/install/f7_udp/lib/f7_udp
[0.562s] Installing dir_plotter script to /home/dev/ros2_ws/src/f7_udp/install/f7_udp/lib/f7_udp
[0.562s] Installing enc_obs script to /home/dev/ros2_ws/src/f7_udp/install/f7_udp/lib/f7_udp
[0.562s] Installing enc_plotter script to /home/dev/ros2_ws/src/f7_udp/install/f7_udp/lib/f7_udp
[0.562s] Installing imu_plotter script to /home/dev/ros2_ws/src/f7_udp/install/f7_udp/lib/f7_udp
[0.562s] Installing imu_to_odom script to /home/dev/ros2_ws/src/f7_udp/install/f7_udp/lib/f7_udp
[0.562s] Installing listener script to /home/dev/ros2_ws/src/f7_udp/install/f7_udp/lib/f7_udp
[0.562s] Installing nr25_ohf script to /home/dev/ros2_ws/src/f7_udp/install/f7_udp/lib/f7_udp
[0.562s] Installing nr25_omni script to /home/dev/ros2_ws/src/f7_udp/install/f7_udp/lib/f7_udp
[0.563s] Installing nr25_omni_imu script to /home/dev/ros2_ws/src/f7_udp/install/f7_udp/lib/f7_udp
[0.563s] Installing nr25_omni_odom script to /home/dev/ros2_ws/src/f7_udp/install/f7_udp/lib/f7_udp
[0.563s] Installing nr25_vc script to /home/dev/ros2_ws/src/f7_udp/install/f7_udp/lib/f7_udp
[0.563s] Installing setoshio script to /home/dev/ros2_ws/src/f7_udp/install/f7_udp/lib/f7_udp
[0.563s] Installing setoshio_gui script to /home/dev/ros2_ws/src/f7_udp/install/f7_udp/lib/f7_udp
[0.563s] Installing yaw_pub script to /home/dev/ros2_ws/src/f7_udp/install/f7_udp/lib/f7_udp
[0.563s] writing list of installed files to '/home/dev/ros2_ws/src/f7_udp/build/f7_udp/install.log'
[0.583s] Invoked command in '/home/dev/ros2_ws/src/f7_udp' returned '0': PYTHONPATH=/home/dev/ros2_ws/src/f7_udp/build/f7_udp/prefix_override:/usr/lib/python3/dist-packages/colcon_core/task/python/colcon_distutils_commands:/home/dev/ros2_ws/src/f7_udp/install/f7_udp/lib/python3.10/site-packages:${PYTHONPATH} /usr/bin/python3 -W ignore:setup.py install is deprecated setup.py egg_info --egg-base build/f7_udp build --build-base /home/dev/ros2_ws/src/f7_udp/build/f7_udp/build install --record /home/dev/ros2_ws/src/f7_udp/build/f7_udp/install.log --single-version-externally-managed install_data
