running egg_info
writing build/f7_udp/f7_udp.egg-info/PKG-INFO
writing dependency_links to build/f7_udp/f7_udp.egg-info/dependency_links.txt
writing entry points to build/f7_udp/f7_udp.egg-info/entry_points.txt
writing requirements to build/f7_udp/f7_udp.egg-info/requires.txt
writing top-level names to build/f7_udp/f7_udp.egg-info/top_level.txt
reading manifest file 'build/f7_udp/f7_udp.egg-info/SOURCES.txt'
adding license file 'LICENSE'
writing manifest file 'build/f7_udp/f7_udp.egg-info/SOURCES.txt'
running build
running build_py
copying f7_udp/NR25_Omni_HDG_Fix.py -> /home/dev/ros2_ws/src/f7_udp/build/f7_udp/build/lib/f7_udp
running install
running install_lib
copying /home/dev/ros2_ws/src/f7_udp/build/f7_udp/build/lib/f7_udp/NR25_Omni_HDG_Fix.py -> /home/dev/ros2_ws/src/f7_udp/install/f7_udp/lib/python3.10/site-packages/f7_udp
byte-compiling /home/dev/ros2_ws/src/f7_udp/install/f7_udp/lib/python3.10/site-packages/f7_udp/NR25_Omni_HDG_Fix.py to NR25_Omni_HDG_Fix.cpython-310.pyc
running install_data
running install_egg_info
removing '/home/dev/ros2_ws/src/f7_udp/install/f7_udp/lib/python3.10/site-packages/f7_udp-0.0.0-py3.10.egg-info' (and everything under it)
Copying build/f7_udp/f7_udp.egg-info to /home/dev/ros2_ws/src/f7_udp/install/f7_udp/lib/python3.10/site-packages/f7_udp-0.0.0-py3.10.egg-info
running install_scripts
Installing 4_omni script to /home/dev/ros2_ws/src/f7_udp/install/f7_udp/lib/f7_udp
Installing cr24_gui script to /home/dev/ros2_ws/src/f7_udp/install/f7_udp/lib/f7_udp
Installing cr24_main script to /home/dev/ros2_ws/src/f7_udp/install/f7_udp/lib/f7_udp
Installing cr24_main_apk script to /home/dev/ros2_ws/src/f7_udp/install/f7_udp/lib/f7_udp
Installing cr24_main_manual script to /home/dev/ros2_ws/src/f7_udp/install/f7_udp/lib/f7_udp
Installing cr24_main_manual2 script to /home/dev/ros2_ws/src/f7_udp/install/f7_udp/lib/f7_udp
Installing cr24_manual2_apk script to /home/dev/ros2_ws/src/f7_udp/install/f7_udp/lib/f7_udp
Installing cr24_pos script to /home/dev/ros2_ws/src/f7_udp/install/f7_udp/lib/f7_udp
Installing cr24_test script to /home/dev/ros2_ws/src/f7_udp/install/f7_udp/lib/f7_udp
Installing cr24_wlcam script to /home/dev/ros2_ws/src/f7_udp/install/f7_udp/lib/f7_udp
Installing dir_plotter script to /home/dev/ros2_ws/src/f7_udp/install/f7_udp/lib/f7_udp
Installing enc_obs script to /home/dev/ros2_ws/src/f7_udp/install/f7_udp/lib/f7_udp
Installing enc_plotter script to /home/dev/ros2_ws/src/f7_udp/install/f7_udp/lib/f7_udp
Installing imu_plotter script to /home/dev/ros2_ws/src/f7_udp/install/f7_udp/lib/f7_udp
Installing imu_to_odom script to /home/dev/ros2_ws/src/f7_udp/install/f7_udp/lib/f7_udp
Installing listener script to /home/dev/ros2_ws/src/f7_udp/install/f7_udp/lib/f7_udp
Installing nr25_ohf script to /home/dev/ros2_ws/src/f7_udp/install/f7_udp/lib/f7_udp
Installing nr25_omni script to /home/dev/ros2_ws/src/f7_udp/install/f7_udp/lib/f7_udp
Installing nr25_omni_imu script to /home/dev/ros2_ws/src/f7_udp/install/f7_udp/lib/f7_udp
Installing nr25_omni_odom script to /home/dev/ros2_ws/src/f7_udp/install/f7_udp/lib/f7_udp
Installing nr25_vc script to /home/dev/ros2_ws/src/f7_udp/install/f7_udp/lib/f7_udp
Installing setoshio script to /home/dev/ros2_ws/src/f7_udp/install/f7_udp/lib/f7_udp
Installing setoshio_gui script to /home/dev/ros2_ws/src/f7_udp/install/f7_udp/lib/f7_udp
Installing yaw_pub script to /home/dev/ros2_ws/src/f7_udp/install/f7_udp/lib/f7_udp
writing list of installed files to '/home/dev/ros2_ws/src/f7_udp/build/f7_udp/install.log'
