running egg_info
creating ../build/ros2udp/ros2udp.egg-info
writing ../build/ros2udp/ros2udp.egg-info/PKG-INFO
writing dependency_links to ../build/ros2udp/ros2udp.egg-info/dependency_links.txt
writing entry points to ../build/ros2udp/ros2udp.egg-info/entry_points.txt
writing requirements to ../build/ros2udp/ros2udp.egg-info/requires.txt
writing top-level names to ../build/ros2udp/ros2udp.egg-info/top_level.txt
writing manifest file '../build/ros2udp/ros2udp.egg-info/SOURCES.txt'
reading manifest file '../build/ros2udp/ros2udp.egg-info/SOURCES.txt'
adding license file 'LICENSE'
writing manifest file '../build/ros2udp/ros2udp.egg-info/SOURCES.txt'
running build
running build_py
creating /home/ubuntu/ros2_ws/build/ros2udp/build
creating /home/ubuntu/ros2_ws/build/ros2udp/build/lib
creating /home/ubuntu/ros2_ws/build/ros2udp/build/lib/ros2udp
copying ros2udp/NR25_DR_Omni.py -> /home/ubuntu/ros2_ws/build/ros2udp/build/lib/ros2udp
copying ros2udp/NR25_MR.py -> /home/ubuntu/ros2_ws/build/ros2udp/build/lib/ros2udp
copying ros2udp/NR25_DR_SwerveDrive.py -> /home/ubuntu/ros2_ws/build/ros2udp/build/lib/ros2udp
copying ros2udp/enc_obs.py -> /home/ubuntu/ros2_ws/build/ros2udp/build/lib/ros2udp
copying ros2udp/NR25_param_tuner.py -> /home/ubuntu/ros2_ws/build/ros2udp/build/lib/ros2udp
copying ros2udp/__init__.py -> /home/ubuntu/ros2_ws/build/ros2udp/build/lib/ros2udp
copying ros2udp/NR25_MR_SwerveDrive.py -> /home/ubuntu/ros2_ws/build/ros2udp/build/lib/ros2udp
copying ros2udp/NR25_Development.py -> /home/ubuntu/ros2_ws/build/ros2udp/build/lib/ros2udp
copying ros2udp/NR25_DR.py -> /home/ubuntu/ros2_ws/build/ros2udp/build/lib/ros2udp
copying ros2udp/NR25_MR_Omni.py -> /home/ubuntu/ros2_ws/build/ros2udp/build/lib/ros2udp
creating /home/ubuntu/ros2_ws/build/ros2udp/build/lib/ros2udp/submodules
copying ros2udp/submodules/TEST.py -> /home/ubuntu/ros2_ws/build/ros2udp/build/lib/ros2udp/submodules
copying ros2udp/submodules/UDP.py -> /home/ubuntu/ros2_ws/build/ros2udp/build/lib/ros2udp/submodules
copying ros2udp/submodules/UDP16.py -> /home/ubuntu/ros2_ws/build/ros2udp/build/lib/ros2udp/submodules
copying ros2udp/submodules/__init__.py -> /home/ubuntu/ros2_ws/build/ros2udp/build/lib/ros2udp/submodules
running install
running install_lib
creating /home/ubuntu/ros2_ws/install/ros2udp/lib/python3.12/site-packages/ros2udp
creating /home/ubuntu/ros2_ws/install/ros2udp/lib/python3.12/site-packages/ros2udp/submodules
copying /home/ubuntu/ros2_ws/build/ros2udp/build/lib/ros2udp/submodules/TEST.py -> /home/ubuntu/ros2_ws/install/ros2udp/lib/python3.12/site-packages/ros2udp/submodules
copying /home/ubuntu/ros2_ws/build/ros2udp/build/lib/ros2udp/submodules/UDP.py -> /home/ubuntu/ros2_ws/install/ros2udp/lib/python3.12/site-packages/ros2udp/submodules
copying /home/ubuntu/ros2_ws/build/ros2udp/build/lib/ros2udp/submodules/UDP16.py -> /home/ubuntu/ros2_ws/install/ros2udp/lib/python3.12/site-packages/ros2udp/submodules
copying /home/ubuntu/ros2_ws/build/ros2udp/build/lib/ros2udp/submodules/__init__.py -> /home/ubuntu/ros2_ws/install/ros2udp/lib/python3.12/site-packages/ros2udp/submodules
copying /home/ubuntu/ros2_ws/build/ros2udp/build/lib/ros2udp/NR25_DR_Omni.py -> /home/ubuntu/ros2_ws/install/ros2udp/lib/python3.12/site-packages/ros2udp
copying /home/ubuntu/ros2_ws/build/ros2udp/build/lib/ros2udp/NR25_MR.py -> /home/ubuntu/ros2_ws/install/ros2udp/lib/python3.12/site-packages/ros2udp
copying /home/ubuntu/ros2_ws/build/ros2udp/build/lib/ros2udp/NR25_DR_SwerveDrive.py -> /home/ubuntu/ros2_ws/install/ros2udp/lib/python3.12/site-packages/ros2udp
copying /home/ubuntu/ros2_ws/build/ros2udp/build/lib/ros2udp/enc_obs.py -> /home/ubuntu/ros2_ws/install/ros2udp/lib/python3.12/site-packages/ros2udp
copying /home/ubuntu/ros2_ws/build/ros2udp/build/lib/ros2udp/NR25_param_tuner.py -> /home/ubuntu/ros2_ws/install/ros2udp/lib/python3.12/site-packages/ros2udp
copying /home/ubuntu/ros2_ws/build/ros2udp/build/lib/ros2udp/__init__.py -> /home/ubuntu/ros2_ws/install/ros2udp/lib/python3.12/site-packages/ros2udp
copying /home/ubuntu/ros2_ws/build/ros2udp/build/lib/ros2udp/NR25_MR_SwerveDrive.py -> /home/ubuntu/ros2_ws/install/ros2udp/lib/python3.12/site-packages/ros2udp
copying /home/ubuntu/ros2_ws/build/ros2udp/build/lib/ros2udp/NR25_Development.py -> /home/ubuntu/ros2_ws/install/ros2udp/lib/python3.12/site-packages/ros2udp
copying /home/ubuntu/ros2_ws/build/ros2udp/build/lib/ros2udp/NR25_DR.py -> /home/ubuntu/ros2_ws/install/ros2udp/lib/python3.12/site-packages/ros2udp
copying /home/ubuntu/ros2_ws/build/ros2udp/build/lib/ros2udp/NR25_MR_Omni.py -> /home/ubuntu/ros2_ws/install/ros2udp/lib/python3.12/site-packages/ros2udp
byte-compiling /home/ubuntu/ros2_ws/install/ros2udp/lib/python3.12/site-packages/ros2udp/submodules/TEST.py to TEST.cpython-312.pyc
byte-compiling /home/ubuntu/ros2_ws/install/ros2udp/lib/python3.12/site-packages/ros2udp/submodules/UDP.py to UDP.cpython-312.pyc
byte-compiling /home/ubuntu/ros2_ws/install/ros2udp/lib/python3.12/site-packages/ros2udp/submodules/UDP16.py to UDP16.cpython-312.pyc
byte-compiling /home/ubuntu/ros2_ws/install/ros2udp/lib/python3.12/site-packages/ros2udp/submodules/__init__.py to __init__.cpython-312.pyc
byte-compiling /home/ubuntu/ros2_ws/install/ros2udp/lib/python3.12/site-packages/ros2udp/NR25_DR_Omni.py to NR25_DR_Omni.cpython-312.pyc
byte-compiling /home/ubuntu/ros2_ws/install/ros2udp/lib/python3.12/site-packages/ros2udp/NR25_MR.py to NR25_MR.cpython-312.pyc
byte-compiling /home/ubuntu/ros2_ws/install/ros2udp/lib/python3.12/site-packages/ros2udp/NR25_DR_SwerveDrive.py to NR25_DR_SwerveDrive.cpython-312.pyc
byte-compiling /home/ubuntu/ros2_ws/install/ros2udp/lib/python3.12/site-packages/ros2udp/enc_obs.py to enc_obs.cpython-312.pyc
byte-compiling /home/ubuntu/ros2_ws/install/ros2udp/lib/python3.12/site-packages/ros2udp/NR25_param_tuner.py to NR25_param_tuner.cpython-312.pyc
byte-compiling /home/ubuntu/ros2_ws/install/ros2udp/lib/python3.12/site-packages/ros2udp/__init__.py to __init__.cpython-312.pyc
byte-compiling /home/ubuntu/ros2_ws/install/ros2udp/lib/python3.12/site-packages/ros2udp/NR25_MR_SwerveDrive.py to NR25_MR_SwerveDrive.cpython-312.pyc
byte-compiling /home/ubuntu/ros2_ws/install/ros2udp/lib/python3.12/site-packages/ros2udp/NR25_Development.py to NR25_Development.cpython-312.pyc
byte-compiling /home/ubuntu/ros2_ws/install/ros2udp/lib/python3.12/site-packages/ros2udp/NR25_DR.py to NR25_DR.cpython-312.pyc
byte-compiling /home/ubuntu/ros2_ws/install/ros2udp/lib/python3.12/site-packages/ros2udp/NR25_MR_Omni.py to NR25_MR_Omni.cpython-312.pyc
running install_data
creating /home/ubuntu/ros2_ws/install/ros2udp/share/ament_index
creating /home/ubuntu/ros2_ws/install/ros2udp/share/ament_index/resource_index
creating /home/ubuntu/ros2_ws/install/ros2udp/share/ament_index/resource_index/packages
copying resource/ros2udp -> /home/ubuntu/ros2_ws/install/ros2udp/share/ament_index/resource_index/packages
copying package.xml -> /home/ubuntu/ros2_ws/install/ros2udp/share/ros2udp
running install_egg_info
Copying ../build/ros2udp/ros2udp.egg-info to /home/ubuntu/ros2_ws/install/ros2udp/lib/python3.12/site-packages/ros2udp-0.0.0-py3.12.egg-info
running install_scripts
Installing 4_omni script to /home/ubuntu/ros2_ws/install/ros2udp/lib/ros2udp
Installing cr24_exh_automatic script to /home/ubuntu/ros2_ws/install/ros2udp/lib/ros2udp
Installing cr24_exh_gui script to /home/ubuntu/ros2_ws/install/ros2udp/lib/ros2udp
Installing cr24_exh_manual script to /home/ubuntu/ros2_ws/install/ros2udp/lib/ros2udp
Installing cr24_exh_yolo script to /home/ubuntu/ros2_ws/install/ros2udp/lib/ros2udp
Installing cr24_gui script to /home/ubuntu/ros2_ws/install/ros2udp/lib/ros2udp
Installing cr24_main script to /home/ubuntu/ros2_ws/install/ros2udp/lib/ros2udp
Installing cr24_main_apk script to /home/ubuntu/ros2_ws/install/ros2udp/lib/ros2udp
Installing cr24_main_manual script to /home/ubuntu/ros2_ws/install/ros2udp/lib/ros2udp
Installing cr24_main_manual2 script to /home/ubuntu/ros2_ws/install/ros2udp/lib/ros2udp
Installing cr24_manual2_apk script to /home/ubuntu/ros2_ws/install/ros2udp/lib/ros2udp
Installing cr24_pos script to /home/ubuntu/ros2_ws/install/ros2udp/lib/ros2udp
Installing cr24_test script to /home/ubuntu/ros2_ws/install/ros2udp/lib/ros2udp
Installing cr24_wlcam script to /home/ubuntu/ros2_ws/install/ros2udp/lib/ros2udp
Installing dir_plotter script to /home/ubuntu/ros2_ws/install/ros2udp/lib/ros2udp
Installing enc_obs script to /home/ubuntu/ros2_ws/install/ros2udp/lib/ros2udp
Installing enc_plotter script to /home/ubuntu/ros2_ws/install/ros2udp/lib/ros2udp
Installing imu_plotter script to /home/ubuntu/ros2_ws/install/ros2udp/lib/ros2udp
Installing imu_to_odom script to /home/ubuntu/ros2_ws/install/ros2udp/lib/ros2udp
Installing listener script to /home/ubuntu/ros2_ws/install/ros2udp/lib/ros2udp
Installing nr25_dev script to /home/ubuntu/ros2_ws/install/ros2udp/lib/ros2udp
Installing nr25_dr script to /home/ubuntu/ros2_ws/install/ros2udp/lib/ros2udp
Installing nr25_dr_omni script to /home/ubuntu/ros2_ws/install/ros2udp/lib/ros2udp
Installing nr25_dr_sd script to /home/ubuntu/ros2_ws/install/ros2udp/lib/ros2udp
Installing nr25_mr script to /home/ubuntu/ros2_ws/install/ros2udp/lib/ros2udp
Installing nr25_mr_omni script to /home/ubuntu/ros2_ws/install/ros2udp/lib/ros2udp
Installing nr25_mr_sd script to /home/ubuntu/ros2_ws/install/ros2udp/lib/ros2udp
Installing nr25_ohf script to /home/ubuntu/ros2_ws/install/ros2udp/lib/ros2udp
Installing nr25_omni script to /home/ubuntu/ros2_ws/install/ros2udp/lib/ros2udp
Installing nr25_omni_imu script to /home/ubuntu/ros2_ws/install/ros2udp/lib/ros2udp
Installing nr25_omni_odom script to /home/ubuntu/ros2_ws/install/ros2udp/lib/ros2udp
Installing nr25_pr_tuner script to /home/ubuntu/ros2_ws/install/ros2udp/lib/ros2udp
Installing nr25_vc script to /home/ubuntu/ros2_ws/install/ros2udp/lib/ros2udp
Installing setoshio script to /home/ubuntu/ros2_ws/install/ros2udp/lib/ros2udp
Installing setoshio_gui script to /home/ubuntu/ros2_ws/install/ros2udp/lib/ros2udp
Installing yaw_pub script to /home/ubuntu/ros2_ws/install/ros2udp/lib/ros2udp
writing list of installed files to '/home/ubuntu/ros2_ws/build/ros2udp/install.log'
