[0.843s] Invoking command in '/home/ubuntu/ros2_ws/f7_udp': DEBUGINFOD_URLS=https://debuginfod.ubuntu.com PYTHONPATH=/home/ubuntu/ros2_ws/build/f7_udp/prefix_override:/usr/lib/python3/dist-packages/colcon_core/task/python/colcon_distutils_commands:/home/ubuntu/ros2_ws/install/f7_udp/lib/python3.12/site-packages:${PYTHONPATH} /usr/bin/python3 -W ignore:setup.py install is deprecated -W ignore:easy_install command is deprecated setup.py egg_info --egg-base ../build/f7_udp build --build-base /home/ubuntu/ros2_ws/build/f7_udp/build install --record /home/ubuntu/ros2_ws/build/f7_udp/install.log --single-version-externally-managed install_data
[1.017s] running egg_info
[1.027s] writing ../build/f7_udp/f7_udp.egg-info/PKG-INFO
[1.028s] writing dependency_links to ../build/f7_udp/f7_udp.egg-info/dependency_links.txt
[1.028s] writing entry points to ../build/f7_udp/f7_udp.egg-info/entry_points.txt
[1.028s] writing requirements to ../build/f7_udp/f7_udp.egg-info/requires.txt
[1.028s] writing top-level names to ../build/f7_udp/f7_udp.egg-info/top_level.txt
[1.050s] reading manifest file '../build/f7_udp/f7_udp.egg-info/SOURCES.txt'
[1.050s] adding license file 'LICENSE'
[1.051s] writing manifest file '../build/f7_udp/f7_udp.egg-info/SOURCES.txt'
[1.051s] running build
[1.051s] running build_py
[1.051s] running install
[1.056s] running install_lib
[1.067s] running install_data
[1.067s] running install_egg_info
[1.079s] removing '/home/ubuntu/ros2_ws/install/f7_udp/lib/python3.12/site-packages/f7_udp-0.0.0-py3.12.egg-info' (and everything under it)
[1.079s] Copying ../build/f7_udp/f7_udp.egg-info to /home/ubuntu/ros2_ws/install/f7_udp/lib/python3.12/site-packages/f7_udp-0.0.0-py3.12.egg-info
[1.079s] running install_scripts
[1.158s] Installing 4_omni script to /home/ubuntu/ros2_ws/install/f7_udp/lib/f7_udp
[1.158s] Installing cr24_exh_automatic script to /home/ubuntu/ros2_ws/install/f7_udp/lib/f7_udp
[1.158s] Installing cr24_exh_gui script to /home/ubuntu/ros2_ws/install/f7_udp/lib/f7_udp
[1.158s] Installing cr24_exh_manual script to /home/ubuntu/ros2_ws/install/f7_udp/lib/f7_udp
[1.158s] Installing cr24_exh_yolo script to /home/ubuntu/ros2_ws/install/f7_udp/lib/f7_udp
[1.158s] Installing cr24_gui script to /home/ubuntu/ros2_ws/install/f7_udp/lib/f7_udp
[1.159s] Installing cr24_main script to /home/ubuntu/ros2_ws/install/f7_udp/lib/f7_udp
[1.159s] Installing cr24_main_apk script to /home/ubuntu/ros2_ws/install/f7_udp/lib/f7_udp
[1.159s] Installing cr24_main_manual script to /home/ubuntu/ros2_ws/install/f7_udp/lib/f7_udp
[1.159s] Installing cr24_main_manual2 script to /home/ubuntu/ros2_ws/install/f7_udp/lib/f7_udp
[1.159s] Installing cr24_manual2_apk script to /home/ubuntu/ros2_ws/install/f7_udp/lib/f7_udp
[1.159s] Installing cr24_pos script to /home/ubuntu/ros2_ws/install/f7_udp/lib/f7_udp
[1.159s] Installing cr24_test script to /home/ubuntu/ros2_ws/install/f7_udp/lib/f7_udp
[1.159s] Installing cr24_wlcam script to /home/ubuntu/ros2_ws/install/f7_udp/lib/f7_udp
[1.159s] Installing dir_plotter script to /home/ubuntu/ros2_ws/install/f7_udp/lib/f7_udp
[1.159s] Installing enc_obs script to /home/ubuntu/ros2_ws/install/f7_udp/lib/f7_udp
[1.159s] Installing enc_plotter script to /home/ubuntu/ros2_ws/install/f7_udp/lib/f7_udp
[1.160s] Installing imu_plotter script to /home/ubuntu/ros2_ws/install/f7_udp/lib/f7_udp
[1.160s] Installing imu_to_odom script to /home/ubuntu/ros2_ws/install/f7_udp/lib/f7_udp
[1.160s] Installing listener script to /home/ubuntu/ros2_ws/install/f7_udp/lib/f7_udp
[1.160s] Installing nr25_dr script to /home/ubuntu/ros2_ws/install/f7_udp/lib/f7_udp
[1.160s] Installing nr25_dr_ff_ad script to /home/ubuntu/ros2_ws/install/f7_udp/lib/f7_udp
[1.160s] Installing nr25_mr script to /home/ubuntu/ros2_ws/install/f7_udp/lib/f7_udp
[1.160s] Installing nr25_mr_ff_ad script to /home/ubuntu/ros2_ws/install/f7_udp/lib/f7_udp
[1.160s] Installing nr25_ohf script to /home/ubuntu/ros2_ws/install/f7_udp/lib/f7_udp
[1.160s] Installing nr25_omni script to /home/ubuntu/ros2_ws/install/f7_udp/lib/f7_udp
[1.160s] Installing nr25_omni_imu script to /home/ubuntu/ros2_ws/install/f7_udp/lib/f7_udp
[1.161s] Installing nr25_omni_odom script to /home/ubuntu/ros2_ws/install/f7_udp/lib/f7_udp
[1.161s] Installing nr25_pr_flet script to /home/ubuntu/ros2_ws/install/f7_udp/lib/f7_udp
[1.161s] Installing nr25_pr_tuner script to /home/ubuntu/ros2_ws/install/f7_udp/lib/f7_udp
[1.161s] Installing nr25_sd script to /home/ubuntu/ros2_ws/install/f7_udp/lib/f7_udp
[1.161s] Installing nr25_vc script to /home/ubuntu/ros2_ws/install/f7_udp/lib/f7_udp
[1.161s] Installing setoshio script to /home/ubuntu/ros2_ws/install/f7_udp/lib/f7_udp
[1.161s] Installing setoshio_gui script to /home/ubuntu/ros2_ws/install/f7_udp/lib/f7_udp
[1.161s] Installing yaw_pub script to /home/ubuntu/ros2_ws/install/f7_udp/lib/f7_udp
[1.161s] writing list of installed files to '/home/ubuntu/ros2_ws/build/f7_udp/install.log'
[1.195s] Invoked command in '/home/ubuntu/ros2_ws/f7_udp' returned '0': DEBUGINFOD_URLS=https://debuginfod.ubuntu.com PYTHONPATH=/home/ubuntu/ros2_ws/build/f7_udp/prefix_override:/usr/lib/python3/dist-packages/colcon_core/task/python/colcon_distutils_commands:/home/ubuntu/ros2_ws/install/f7_udp/lib/python3.12/site-packages:${PYTHONPATH} /usr/bin/python3 -W ignore:setup.py install is deprecated -W ignore:easy_install command is deprecated setup.py egg_info --egg-base ../build/f7_udp build --build-base /home/ubuntu/ros2_ws/build/f7_udp/build install --record /home/ubuntu/ros2_ws/build/f7_udp/install.log --single-version-externally-managed install_data
