[0.726s] Invoking command in '/home/ubuntu/ros2_ws/f7_udp': DEBUGINFOD_URLS=https://debuginfod.ubuntu.com PYTHONPATH=/home/ubuntu/ros2_ws/build/f7_udp/prefix_override:/usr/lib/python3/dist-packages/colcon_core/task/python/colcon_distutils_commands:/home/ubuntu/ros2_ws/install/f7_udp/lib/python3.12/site-packages: /usr/bin/python3 -W ignore:setup.py install is deprecated -W ignore:easy_install command is deprecated setup.py egg_info --egg-base ../build/f7_udp build --build-base /home/ubuntu/ros2_ws/build/f7_udp/build install --record /home/ubuntu/ros2_ws/build/f7_udp/install.log --single-version-externally-managed install_data
[0.848s] running egg_info
[0.854s] writing ../build/f7_udp/f7_udp.egg-info/PKG-INFO
[0.854s] writing dependency_links to ../build/f7_udp/f7_udp.egg-info/dependency_links.txt
[0.854s] writing entry points to ../build/f7_udp/f7_udp.egg-info/entry_points.txt
[0.854s] writing requirements to ../build/f7_udp/f7_udp.egg-info/requires.txt
[0.854s] writing top-level names to ../build/f7_udp/f7_udp.egg-info/top_level.txt
[0.866s] reading manifest file '../build/f7_udp/f7_udp.egg-info/SOURCES.txt'
[0.866s] adding license file 'LICENSE'
[0.866s] writing manifest file '../build/f7_udp/f7_udp.egg-info/SOURCES.txt'
[0.867s] running build
[0.867s] running build_py
[0.867s] running install
[0.871s] running install_lib
[0.877s] running install_data
[0.877s] running install_egg_info
[0.884s] removing '/home/ubuntu/ros2_ws/install/f7_udp/lib/python3.12/site-packages/f7_udp-0.0.0-py3.12.egg-info' (and everything under it)
[0.884s] Copying ../build/f7_udp/f7_udp.egg-info to /home/ubuntu/ros2_ws/install/f7_udp/lib/python3.12/site-packages/f7_udp-0.0.0-py3.12.egg-info
[0.885s] running install_scripts
[0.935s] Installing 4_omni script to /home/ubuntu/ros2_ws/install/f7_udp/lib/f7_udp
[0.936s] Installing cr24_exh_automatic script to /home/ubuntu/ros2_ws/install/f7_udp/lib/f7_udp
[0.936s] Installing cr24_exh_gui script to /home/ubuntu/ros2_ws/install/f7_udp/lib/f7_udp
[0.936s] Installing cr24_exh_manual script to /home/ubuntu/ros2_ws/install/f7_udp/lib/f7_udp
[0.936s] Installing cr24_exh_yolo script to /home/ubuntu/ros2_ws/install/f7_udp/lib/f7_udp
[0.936s] Installing cr24_gui script to /home/ubuntu/ros2_ws/install/f7_udp/lib/f7_udp
[0.936s] Installing cr24_main script to /home/ubuntu/ros2_ws/install/f7_udp/lib/f7_udp
[0.936s] Installing cr24_main_apk script to /home/ubuntu/ros2_ws/install/f7_udp/lib/f7_udp
[0.937s] Installing cr24_main_manual script to /home/ubuntu/ros2_ws/install/f7_udp/lib/f7_udp
[0.937s] Installing cr24_main_manual2 script to /home/ubuntu/ros2_ws/install/f7_udp/lib/f7_udp
[0.937s] Installing cr24_manual2_apk script to /home/ubuntu/ros2_ws/install/f7_udp/lib/f7_udp
[0.937s] Installing cr24_pos script to /home/ubuntu/ros2_ws/install/f7_udp/lib/f7_udp
[0.937s] Installing cr24_test script to /home/ubuntu/ros2_ws/install/f7_udp/lib/f7_udp
[0.937s] Installing cr24_wlcam script to /home/ubuntu/ros2_ws/install/f7_udp/lib/f7_udp
[0.937s] Installing dir_plotter script to /home/ubuntu/ros2_ws/install/f7_udp/lib/f7_udp
[0.937s] Installing enc_obs script to /home/ubuntu/ros2_ws/install/f7_udp/lib/f7_udp
[0.937s] Installing enc_plotter script to /home/ubuntu/ros2_ws/install/f7_udp/lib/f7_udp
[0.937s] Installing imu_plotter script to /home/ubuntu/ros2_ws/install/f7_udp/lib/f7_udp
[0.937s] Installing imu_to_odom script to /home/ubuntu/ros2_ws/install/f7_udp/lib/f7_udp
[0.938s] Installing listener script to /home/ubuntu/ros2_ws/install/f7_udp/lib/f7_udp
[0.938s] Installing nr25_dr script to /home/ubuntu/ros2_ws/install/f7_udp/lib/f7_udp
[0.938s] Installing nr25_dr_ff_ad script to /home/ubuntu/ros2_ws/install/f7_udp/lib/f7_udp
[0.938s] Installing nr25_mr script to /home/ubuntu/ros2_ws/install/f7_udp/lib/f7_udp
[0.938s] Installing nr25_mr_ff_ad script to /home/ubuntu/ros2_ws/install/f7_udp/lib/f7_udp
[0.938s] Installing nr25_ohf script to /home/ubuntu/ros2_ws/install/f7_udp/lib/f7_udp
[0.938s] Installing nr25_omni script to /home/ubuntu/ros2_ws/install/f7_udp/lib/f7_udp
[0.938s] Installing nr25_omni_imu script to /home/ubuntu/ros2_ws/install/f7_udp/lib/f7_udp
[0.938s] Installing nr25_omni_odom script to /home/ubuntu/ros2_ws/install/f7_udp/lib/f7_udp
[0.938s] Installing nr25_pr_flet script to /home/ubuntu/ros2_ws/install/f7_udp/lib/f7_udp
[0.939s] Installing nr25_pr_tuner script to /home/ubuntu/ros2_ws/install/f7_udp/lib/f7_udp
[0.939s] Installing nr25_sd script to /home/ubuntu/ros2_ws/install/f7_udp/lib/f7_udp
[0.939s] Installing nr25_vc script to /home/ubuntu/ros2_ws/install/f7_udp/lib/f7_udp
[0.939s] Installing setoshio script to /home/ubuntu/ros2_ws/install/f7_udp/lib/f7_udp
[0.939s] Installing setoshio_gui script to /home/ubuntu/ros2_ws/install/f7_udp/lib/f7_udp
[0.939s] Installing yaw_pub script to /home/ubuntu/ros2_ws/install/f7_udp/lib/f7_udp
[0.939s] writing list of installed files to '/home/ubuntu/ros2_ws/build/f7_udp/install.log'
[0.960s] Invoked command in '/home/ubuntu/ros2_ws/f7_udp' returned '0': DEBUGINFOD_URLS=https://debuginfod.ubuntu.com PYTHONPATH=/home/ubuntu/ros2_ws/build/f7_udp/prefix_override:/usr/lib/python3/dist-packages/colcon_core/task/python/colcon_distutils_commands:/home/ubuntu/ros2_ws/install/f7_udp/lib/python3.12/site-packages: /usr/bin/python3 -W ignore:setup.py install is deprecated -W ignore:easy_install command is deprecated setup.py egg_info --egg-base ../build/f7_udp build --build-base /home/ubuntu/ros2_ws/build/f7_udp/build install --record /home/ubuntu/ros2_ws/build/f7_udp/install.log --single-version-externally-managed install_data
