[0.723s] Invoking command in '/home/ubuntu/ros2_ws/ros2udp': DEBUGINFOD_URLS=https://debuginfod.ubuntu.com PYTHONPATH=/home/ubuntu/ros2_ws/build/ros2udp/prefix_override:/usr/lib/python3/dist-packages/colcon_core/task/python/colcon_distutils_commands:/home/ubuntu/ros2_ws/install/ros2udp/lib/python3.12/site-packages:${PYTHONPATH} /usr/bin/python3 -W ignore:setup.py install is deprecated -W ignore:easy_install command is deprecated setup.py egg_info --egg-base ../build/ros2udp build --build-base /home/ubuntu/ros2_ws/build/ros2udp/build install --record /home/ubuntu/ros2_ws/build/ros2udp/install.log --single-version-externally-managed install_data
[1.037s] running egg_info
[1.055s] writing ../build/ros2udp/ros2udp.egg-info/PKG-INFO
[1.056s] writing dependency_links to ../build/ros2udp/ros2udp.egg-info/dependency_links.txt
[1.056s] writing entry points to ../build/ros2udp/ros2udp.egg-info/entry_points.txt
[1.056s] writing requirements to ../build/ros2udp/ros2udp.egg-info/requires.txt
[1.056s] writing top-level names to ../build/ros2udp/ros2udp.egg-info/top_level.txt
[1.084s] reading manifest file '../build/ros2udp/ros2udp.egg-info/SOURCES.txt'
[1.084s] adding license file 'LICENSE'
[1.084s] writing manifest file '../build/ros2udp/ros2udp.egg-info/SOURCES.txt'
[1.084s] running build
[1.084s] running build_py
[1.085s] running install
[1.089s] running install_lib
[1.100s] running install_data
[1.100s] running install_egg_info
[1.112s] removing '/home/ubuntu/ros2_ws/install/ros2udp/lib/python3.12/site-packages/ros2udp-0.0.0-py3.12.egg-info' (and everything under it)
[1.112s] Copying ../build/ros2udp/ros2udp.egg-info to /home/ubuntu/ros2_ws/install/ros2udp/lib/python3.12/site-packages/ros2udp-0.0.0-py3.12.egg-info
[1.112s] running install_scripts
[1.182s] Installing 4_omni script to /home/ubuntu/ros2_ws/install/ros2udp/lib/ros2udp
[1.182s] Installing cr24_exh_automatic script to /home/ubuntu/ros2_ws/install/ros2udp/lib/ros2udp
[1.183s] Installing cr24_exh_gui script to /home/ubuntu/ros2_ws/install/ros2udp/lib/ros2udp
[1.183s] Installing cr24_exh_manual script to /home/ubuntu/ros2_ws/install/ros2udp/lib/ros2udp
[1.183s] Installing cr24_exh_yolo script to /home/ubuntu/ros2_ws/install/ros2udp/lib/ros2udp
[1.183s] Installing cr24_gui script to /home/ubuntu/ros2_ws/install/ros2udp/lib/ros2udp
[1.183s] Installing cr24_main script to /home/ubuntu/ros2_ws/install/ros2udp/lib/ros2udp
[1.183s] Installing cr24_main_apk script to /home/ubuntu/ros2_ws/install/ros2udp/lib/ros2udp
[1.183s] Installing cr24_main_manual script to /home/ubuntu/ros2_ws/install/ros2udp/lib/ros2udp
[1.183s] Installing cr24_main_manual2 script to /home/ubuntu/ros2_ws/install/ros2udp/lib/ros2udp
[1.184s] Installing cr24_manual2_apk script to /home/ubuntu/ros2_ws/install/ros2udp/lib/ros2udp
[1.184s] Installing cr24_pos script to /home/ubuntu/ros2_ws/install/ros2udp/lib/ros2udp
[1.184s] Installing cr24_test script to /home/ubuntu/ros2_ws/install/ros2udp/lib/ros2udp
[1.184s] Installing cr24_wlcam script to /home/ubuntu/ros2_ws/install/ros2udp/lib/ros2udp
[1.184s] Installing dir_plotter script to /home/ubuntu/ros2_ws/install/ros2udp/lib/ros2udp
[1.184s] Installing enc_obs script to /home/ubuntu/ros2_ws/install/ros2udp/lib/ros2udp
[1.184s] Installing enc_plotter script to /home/ubuntu/ros2_ws/install/ros2udp/lib/ros2udp
[1.184s] Installing imu_plotter script to /home/ubuntu/ros2_ws/install/ros2udp/lib/ros2udp
[1.184s] Installing imu_to_odom script to /home/ubuntu/ros2_ws/install/ros2udp/lib/ros2udp
[1.184s] Installing listener script to /home/ubuntu/ros2_ws/install/ros2udp/lib/ros2udp
[1.184s] Installing nr25_dev script to /home/ubuntu/ros2_ws/install/ros2udp/lib/ros2udp
[1.184s] Installing nr25_dr script to /home/ubuntu/ros2_ws/install/ros2udp/lib/ros2udp
[1.184s] Installing nr25_dr_omni script to /home/ubuntu/ros2_ws/install/ros2udp/lib/ros2udp
[1.185s] Installing nr25_dr_sd script to /home/ubuntu/ros2_ws/install/ros2udp/lib/ros2udp
[1.185s] Installing nr25_mr script to /home/ubuntu/ros2_ws/install/ros2udp/lib/ros2udp
[1.185s] Installing nr25_mr_omni script to /home/ubuntu/ros2_ws/install/ros2udp/lib/ros2udp
[1.185s] Installing nr25_mr_sd script to /home/ubuntu/ros2_ws/install/ros2udp/lib/ros2udp
[1.185s] Installing nr25_ohf script to /home/ubuntu/ros2_ws/install/ros2udp/lib/ros2udp
[1.185s] Installing nr25_omni script to /home/ubuntu/ros2_ws/install/ros2udp/lib/ros2udp
[1.185s] Installing nr25_omni_imu script to /home/ubuntu/ros2_ws/install/ros2udp/lib/ros2udp
[1.185s] Installing nr25_omni_odom script to /home/ubuntu/ros2_ws/install/ros2udp/lib/ros2udp
[1.185s] Installing nr25_pr_tuner script to /home/ubuntu/ros2_ws/install/ros2udp/lib/ros2udp
[1.185s] Installing nr25_vc script to /home/ubuntu/ros2_ws/install/ros2udp/lib/ros2udp
[1.185s] Installing setoshio script to /home/ubuntu/ros2_ws/install/ros2udp/lib/ros2udp
[1.185s] Installing setoshio_gui script to /home/ubuntu/ros2_ws/install/ros2udp/lib/ros2udp
[1.186s] Installing yaw_pub script to /home/ubuntu/ros2_ws/install/ros2udp/lib/ros2udp
[1.186s] writing list of installed files to '/home/ubuntu/ros2_ws/build/ros2udp/install.log'
[1.207s] Invoked command in '/home/ubuntu/ros2_ws/ros2udp' returned '0': DEBUGINFOD_URLS=https://debuginfod.ubuntu.com PYTHONPATH=/home/ubuntu/ros2_ws/build/ros2udp/prefix_override:/usr/lib/python3/dist-packages/colcon_core/task/python/colcon_distutils_commands:/home/ubuntu/ros2_ws/install/ros2udp/lib/python3.12/site-packages:${PYTHONPATH} /usr/bin/python3 -W ignore:setup.py install is deprecated -W ignore:easy_install command is deprecated setup.py egg_info --egg-base ../build/ros2udp build --build-base /home/ubuntu/ros2_ws/build/ros2udp/build install --record /home/ubuntu/ros2_ws/build/ros2udp/install.log --single-version-externally-managed install_data
