-- The C compiler identification is GNU 13.3.0
-- The CXX compiler identification is GNU 13.3.0
-- Detecting C compiler ABI info
-- Detecting C compiler ABI info - done
-- Check for working C compiler: /usr/bin/cc - skipped
-- Detecting C compile features
-- Detecting C compile features - done
-- Detecting CXX compiler ABI info
-- Detecting CXX compiler ABI info - done
-- Check for working CXX compiler: /usr/bin/c++ - skipped
-- Detecting CXX compile features
-- Detecting CXX compile features - done
-- Building version 1.2.28~dev_5c2e86d
-- Looking for inttypes.h
-- Looking for inttypes.h - found
-- Found Doxygen: /usr/bin/doxygen (found version "1.9.8") found components: doxygen dot 
-- Found ament_cmake: 2.5.3 (/opt/ros/jazzy/share/ament_cmake/cmake)
-- Found Python3: /usr/bin/python3 (found version "3.12.3") found components: Interpreter 
-- Found tf2: 0.36.8 (/opt/ros/jazzy/share/tf2/cmake)
-- Found rosidl_generator_c: 4.6.5 (/opt/ros/jazzy/share/rosidl_generator_c/cmake)
-- Found rosidl_generator_cpp: 4.6.5 (/opt/ros/jazzy/share/rosidl_generator_cpp/cmake)
-- Using all available rosidl_typesupport_c: rosidl_typesupport_fastrtps_c;rosidl_typesupport_introspection_c
-- Using all available rosidl_typesupport_cpp: rosidl_typesupport_fastrtps_cpp;rosidl_typesupport_introspection_cpp
-- Found tf2_geometry_msgs: 0.36.8 (/opt/ros/jazzy/share/tf2_geometry_msgs/cmake)
-- Found eigen3_cmake_module: 0.3.0 (/opt/ros/jazzy/share/eigen3_cmake_module/cmake)
-- Found Eigen3: TRUE (found version "3.4.0") 
-- Ensuring Eigen3 include directory is part of orocos-kdl CMake target
-- Found rmw_implementation_cmake: 7.3.1 (/opt/ros/jazzy/share/rmw_implementation_cmake/cmake)
-- Found rmw_fastrtps_cpp: 8.4.1 (/opt/ros/jazzy/share/rmw_fastrtps_cpp/cmake)
-- Found OpenSSL: /usr/lib/x86_64-linux-gnu/libcrypto.so (found version "3.0.13")  
-- Found FastRTPS: /opt/ros/jazzy/include (Required is at least version "2.13") 
-- Using RMW implementation 'rmw_fastrtps_cpp' as default
-- Found std_srvs: 5.3.5 (/opt/ros/jazzy/share/std_srvs/cmake)
-- Found sensor_msgs: 5.3.5 (/opt/ros/jazzy/share/sensor_msgs/cmake)
-- Found nav_msgs: 5.3.5 (/opt/ros/jazzy/share/nav_msgs/cmake)
-- Found rclcpp_lifecycle: 28.1.6 (/opt/ros/jazzy/share/rclcpp_lifecycle/cmake)
-- Found ament_cmake_auto: 2.5.3 (/opt/ros/jazzy/share/ament_cmake_auto/cmake)
-- Found ament_lint_auto: 0.17.1 (/opt/ros/jazzy/share/ament_lint_auto/cmake)
-- Added test 'cppcheck' to perform static code analysis on C / C++ code
-- Configured cppcheck include dirs: /home/dev/ros2_ws/src/witmotion_ros/include;/home/dev/ros2_ws/src/witmotion_ros/witmotion-uart-qt/include
-- Configured cppcheck exclude dirs and/or files: 
-- Added test 'flake8' to check Python code syntax and style conventions
-- Configured 'flake8' exclude dirs and/or files: 
-- Added test 'lint_cmake' to check CMake code style
-- Added test 'pep257' to check Python code against some of the docstring style conventions in PEP 257
-- Added test 'uncrustify' to check C / C++ code style
-- Configured uncrustify additional arguments: 
-- Added test 'xmllint' to check XML markup files
-- Configuring done (3.0s)
-- Generating done (0.5s)
-- Build files have been written to: /home/dev/ros2_ws/src/build/witmotion_ros
[  1%] [34m[1mGenerating documentation with Doxygen[0m
[  1%] Built target wt31n-standalone-decoder_autogen_timestamp_deps
[  1%] Built target witmotion-uart_autogen_timestamp_deps
[  1%] Built target wt31n-calibration_autogen_timestamp_deps
[  2%] [34m[1mAutomatic MOC for target witmotion-uart[0m
[  3%] [34m[1mAutomatic MOC for target wt31n-standalone-decoder[0m
[  5%] [34m[1mAutomatic MOC for target wt31n-calibration[0m
[  5%] Built target witmotion-uart_autogen
[  5%] Built target wt31n-calibration_autogen
[  7%] [34m[1mGenerating include/witmotion/moc_serial.cpp[0m
[  7%] [34m[1mGenerating include/witmotion/moc_types.cpp[0m
[  8%] [32mBuilding CXX object witmotion-uart-qt/CMakeFiles/wt31n-calibration.dir/wt31n-calibration_autogen/mocs_compilation.cpp.o[0m
[ 10%] [32mBuilding CXX object witmotion-uart-qt/CMakeFiles/witmotion-uart.dir/include/witmotion/moc_types.cpp.o[0m
[ 11%] [32mBuilding CXX object witmotion-uart-qt/CMakeFiles/wt31n-calibration.dir/examples/wt31n/calibration-standalone.cpp.o[0m
[ 12%] [32mBuilding CXX object witmotion-uart-qt/CMakeFiles/witmotion-uart.dir/include/witmotion/moc_serial.cpp.o[0m
[ 16%] [32mBuilding CXX object witmotion-uart-qt/CMakeFiles/witmotion-uart.dir/src/serial.cpp.o[0m
[ 16%] [32mBuilding CXX object witmotion-uart-qt/CMakeFiles/witmotion-uart.dir/src/util.cpp.o[0m
[ 16%] [32mBuilding CXX object witmotion-uart-qt/CMakeFiles/witmotion-uart.dir/witmotion-uart_autogen/mocs_compilation.cpp.o[0m
[ 16%] Built target wt31n-standalone-decoder_autogen
[ 17%] [32mBuilding CXX object witmotion-uart-qt/CMakeFiles/wt31n-standalone-decoder.dir/examples/wt31n/witmotion-wt31n-uart-test.cpp.o[0m
[ 18%] [32mBuilding CXX object witmotion-uart-qt/CMakeFiles/wt31n-standalone-decoder.dir/wt31n-standalone-decoder_autogen/mocs_compilation.cpp.o[0m
[ 20%] [32m[1mLinking CXX executable wt31n-calibration[0m
[ 21%] Built target wt31n-calibration
[ 22%] [32m[1mLinking CXX executable wt31n-standalone-decoder[0m
[ 23%] [32m[1mLinking CXX shared library libwitmotion-uart.so[0m
[ 25%] Built target wt31n-standalone-decoder
[ 26%] Built target witmotion-uart
[ 26%] Built target witmotion-wt31n_autogen_timestamp_deps
[ 26%] Built target message-enumerator_autogen_timestamp_deps
[ 26%] Built target witmotion-wt901_autogen_timestamp_deps
[ 26%] Built target witmotion_ros_autogen_timestamp_deps
[ 27%] [34m[1mAutomatic MOC for target witmotion-wt901[0m
[ 28%] [34m[1mAutomatic MOC for target witmotion-wt31n[0m
[ 30%] [34m[1mAutomatic MOC for target message-enumerator[0m
[ 31%] [34m[1mAutomatic MOC for target witmotion_ros[0m
[ 31%] Built target witmotion-wt901_autogen
[ 31%] Built target witmotion-wt31n_autogen
[ 31%] Built target message-enumerator_autogen
[ 31%] Built target witmotion_ros_autogen
[ 32%] [34m[1mGenerating include/witmotion/moc_wt901-uart.cpp[0m
[ 33%] [34m[1mGenerating include/witmotion/moc_wt31n-uart.cpp[0m
[ 35%] [34m[1mGenerating include/witmotion/moc_message-enumerator.cpp[0m
[ 36%] [34m[1mGenerating include/moc_witmotion_ros.cpp[0m
[ 37%] [32mBuilding CXX object witmotion-uart-qt/CMakeFiles/witmotion-wt31n.dir/include/witmotion/moc_wt31n-uart.cpp.o[0m
[ 40%] [32mBuilding CXX object witmotion-uart-qt/CMakeFiles/witmotion-wt31n.dir/witmotion-wt31n_autogen/mocs_compilation.cpp.o[0m
[ 40%] [32mBuilding CXX object witmotion-uart-qt/CMakeFiles/witmotion-wt901.dir/include/witmotion/moc_wt901-uart.cpp.o[0m
[ 41%] [32mBuilding CXX object witmotion-uart-qt/CMakeFiles/witmotion-wt31n.dir/src/wt31n-uart.cpp.o[0m
[ 42%] [32mBuilding CXX object witmotion-uart-qt/CMakeFiles/witmotion-wt901.dir/src/wt901-uart.cpp.o[0m
[ 43%] [32mBuilding CXX object witmotion-uart-qt/CMakeFiles/witmotion-wt901.dir/witmotion-wt901_autogen/mocs_compilation.cpp.o[0m
[ 45%] [32mBuilding CXX object witmotion-uart-qt/CMakeFiles/message-enumerator.dir/message-enumerator_autogen/mocs_compilation.cpp.o[0m
[ 46%] [32mBuilding CXX object witmotion-uart-qt/CMakeFiles/message-enumerator.dir/include/witmotion/moc_message-enumerator.cpp.o[0m
[ 47%] [32mBuilding CXX object witmotion-uart-qt/CMakeFiles/message-enumerator.dir/src/message-enumerator.cpp.o[0m
[ 48%] [32mBuilding CXX object CMakeFiles/witmotion_ros.dir/include/moc_witmotion_ros.cpp.o[0m
[ 50%] [32mBuilding CXX object CMakeFiles/witmotion_ros.dir/src/witmotion_ros.cpp.o[0m
[ 51%] [32mBuilding CXX object CMakeFiles/witmotion_ros.dir/witmotion_ros_autogen/mocs_compilation.cpp.o[0m
[ 52%] [32m[1mLinking CXX shared library libwitmotion-wt901.so[0m
[ 53%] Built target witmotion-wt901
[ 53%] Built target witmotion-jy901_autogen_timestamp_deps
[ 53%] Built target witmotionctl-wt901_autogen_timestamp_deps
[ 55%] [32m[1mLinking CXX shared library libwitmotion-wt31n.so[0m
[ 56%] [34m[1mAutomatic MOC for target witmotion-jy901[0m
[ 57%] [34m[1mAutomatic MOC for target witmotionctl-wt901[0m
[ 58%] [32m[1mLinking CXX executable message-enumerator[0m
[ 58%] Built target witmotion-jy901_autogen
[ 58%] Built target witmotionctl-wt901_autogen
[ 60%] [32mBuilding CXX object witmotion-uart-qt/CMakeFiles/witmotion-jy901.dir/witmotion-jy901_autogen/mocs_compilation.cpp.o[0m
[ 61%] [32mBuilding CXX object witmotion-uart-qt/CMakeFiles/witmotionctl-wt901.dir/include/witmotion/moc_wt901-uart.cpp.o[0m
[ 62%] [32mBuilding CXX object witmotion-uart-qt/CMakeFiles/witmotion-jy901.dir/src/jy901-uart.cpp.o[0m
[ 63%] [32mBuilding CXX object witmotion-uart-qt/CMakeFiles/witmotionctl-wt901.dir/src/wt901-control.cpp.o[0m
[ 65%] [32mBuilding CXX object witmotion-uart-qt/CMakeFiles/witmotionctl-wt901.dir/witmotionctl-wt901_autogen/mocs_compilation.cpp.o[0m
[ 66%] Built target witmotion-wt31n
[ 66%] Built target witmotionctl-wt31n_autogen_timestamp_deps
[ 67%] [34m[1mAutomatic MOC for target witmotionctl-wt31n[0m
[ 68%] Built target message-enumerator
[ 68%] Built target witmotionctl-wt31n_autogen
[ 70%] [32mBuilding CXX object witmotion-uart-qt/CMakeFiles/witmotionctl-wt31n.dir/src/wt31n-control.cpp.o[0m
[ 71%] [32mBuilding CXX object witmotion-uart-qt/CMakeFiles/witmotionctl-wt31n.dir/include/witmotion/moc_wt31n-uart.cpp.o[0m
[ 72%] [32mBuilding CXX object witmotion-uart-qt/CMakeFiles/witmotionctl-wt31n.dir/witmotionctl-wt31n_autogen/mocs_compilation.cpp.o[0m
[ 73%] [32m[1mLinking CXX shared library libwitmotion-jy901.so[0m
[ 75%] Built target witmotion-jy901
[ 75%] Built target witmotionctl-jy901_autogen_timestamp_deps
[ 76%] [34m[1mAutomatic MOC for target witmotionctl-jy901[0m
[ 76%] Built target witmotionctl-jy901_autogen
[ 77%] [34m[1mGenerating include/witmotion/moc_jy901-uart.cpp[0m
[ 78%] [32mBuilding CXX object witmotion-uart-qt/CMakeFiles/witmotionctl-jy901.dir/witmotionctl-jy901_autogen/mocs_compilation.cpp.o[0m
[ 80%] [32mBuilding CXX object witmotion-uart-qt/CMakeFiles/witmotionctl-jy901.dir/include/witmotion/moc_jy901-uart.cpp.o[0m
[ 81%] [32mBuilding CXX object witmotion-uart-qt/CMakeFiles/witmotionctl-jy901.dir/src/jy901-control.cpp.o[0m
[ 82%] [32m[1mLinking CXX executable witmotionctl-wt901[0m
[ 85%] Built target witmotionctl-wt901
[ 86%] [32m[1mLinking CXX executable witmotionctl-wt31n[0m
[ 88%] Built target witmotionctl-wt31n
[ 90%] [32m[1mLinking CXX executable witmotionctl-jy901[0m
[ 91%] Built target witmotionctl-jy901
[ 91%] Built target doc-witmotion-uart-qt
[ 91%] Built target docs
[ 92%] [32m[1mLinking CXX static library libwitmotion_ros.a[0m
[ 93%] Built target witmotion_ros
[ 93%] Built target witmotion_ros_node_autogen_timestamp_deps
[ 95%] [34m[1mAutomatic MOC for target witmotion_ros_node[0m
[ 95%] Built target witmotion_ros_node_autogen
[ 97%] [32mBuilding CXX object CMakeFiles/witmotion_ros_node.dir/witmotion_ros_node_autogen/mocs_compilation.cpp.o[0m
[ 97%] [32mBuilding CXX object CMakeFiles/witmotion_ros_node.dir/src/witmotion_ros_node.cpp.o[0m
[ 98%] [32m[1mLinking CXX executable witmotion_ros_node[0m
[100%] Built target witmotion_ros_node
-- Install configuration: ""
-- Installing: /home/dev/ros2_ws/src/install/witmotion_ros/share/witmotion_ros/environment/library_path.sh
-- Installing: /home/dev/ros2_ws/src/install/witmotion_ros/share/witmotion_ros/environment/library_path.dsv
-- Installing: /home/dev/ros2_ws/src/install/witmotion_ros/lib/libwitmotion-uart.so
-- Installing: /home/dev/ros2_ws/src/install/witmotion_ros/lib/libwitmotion_ros.a
-- Installing: /home/dev/ros2_ws/src/install/witmotion_ros/lib/witmotion_ros/witmotion_ros_node
-- Set non-toolchain portion of runtime path of "/home/dev/ros2_ws/src/install/witmotion_ros/lib/witmotion_ros/witmotion_ros_node" to ""
-- Installing: /home/dev/ros2_ws/src/install/witmotion_ros/share/witmotion_ros/launch
-- Installing: /home/dev/ros2_ws/src/install/witmotion_ros/share/witmotion_ros/launch/witmotion.launch.py
-- Installing: /home/dev/ros2_ws/src/install/witmotion_ros/share/witmotion_ros/launch/wt31n_launch.py
-- Installing: /home/dev/ros2_ws/src/install/witmotion_ros/share/witmotion_ros/launch/witmotion_launch.py
-- Installing: /home/dev/ros2_ws/src/install/witmotion_ros/share/witmotion_ros/launch/yahboom10x_launch.py
-- Installing: /home/dev/ros2_ws/src/install/witmotion_ros/share/witmotion_ros/launch/wt901.launch.py
-- Installing: /home/dev/ros2_ws/src/install/witmotion_ros/share/witmotion_ros/launch/wt61c_launch.py
-- Installing: /home/dev/ros2_ws/src/install/witmotion_ros/share/witmotion_ros/launch/wt905_launch.py
-- Installing: /home/dev/ros2_ws/src/install/witmotion_ros/share/witmotion_ros/launch/yahboom10x.launch.py
-- Installing: /home/dev/ros2_ws/src/install/witmotion_ros/share/witmotion_ros/launch/wt61c.launch.py
-- Installing: /home/dev/ros2_ws/src/install/witmotion_ros/share/witmotion_ros/launch/wt901_launch.py
-- Installing: /home/dev/ros2_ws/src/install/witmotion_ros/share/witmotion_ros/launch/wt31n.launch.py
-- Installing: /home/dev/ros2_ws/src/install/witmotion_ros/share/witmotion_ros/launch/wt905.launch.py
-- Installing: /home/dev/ros2_ws/src/install/witmotion_ros/share/witmotion_ros/launch/__pycache__
-- Installing: /home/dev/ros2_ws/src/install/witmotion_ros/share/witmotion_ros/launch/__pycache__/wt31n.cpython-310.pyc
-- Installing: /home/dev/ros2_ws/src/install/witmotion_ros/share/witmotion_ros/config
-- Installing: /home/dev/ros2_ws/src/install/witmotion_ros/share/witmotion_ros/config/wt31n.yml
-- Installing: /home/dev/ros2_ws/src/install/witmotion_ros/share/witmotion_ros/config/wt905.yml
-- Installing: /home/dev/ros2_ws/src/install/witmotion_ros/share/witmotion_ros/config/wt61c.yml
-- Installing: /home/dev/ros2_ws/src/install/witmotion_ros/share/witmotion_ros/config/wt901.yml
-- Installing: /home/dev/ros2_ws/src/install/witmotion_ros/share/witmotion_ros/config/config.yml
-- Installing: /home/dev/ros2_ws/src/install/witmotion_ros/share/witmotion_ros/config/yahboom10x.yml
-- Installing: /home/dev/ros2_ws/src/install/witmotion_ros/share/ament_index/resource_index/package_run_dependencies/witmotion_ros
-- Installing: /home/dev/ros2_ws/src/install/witmotion_ros/share/ament_index/resource_index/parent_prefix_path/witmotion_ros
-- Installing: /home/dev/ros2_ws/src/install/witmotion_ros/share/witmotion_ros/environment/ament_prefix_path.sh
-- Installing: /home/dev/ros2_ws/src/install/witmotion_ros/share/witmotion_ros/environment/ament_prefix_path.dsv
-- Installing: /home/dev/ros2_ws/src/install/witmotion_ros/share/witmotion_ros/environment/path.sh
-- Installing: /home/dev/ros2_ws/src/install/witmotion_ros/share/witmotion_ros/environment/path.dsv
-- Installing: /home/dev/ros2_ws/src/install/witmotion_ros/share/witmotion_ros/local_setup.bash
-- Installing: /home/dev/ros2_ws/src/install/witmotion_ros/share/witmotion_ros/local_setup.sh
-- Installing: /home/dev/ros2_ws/src/install/witmotion_ros/share/witmotion_ros/local_setup.zsh
-- Installing: /home/dev/ros2_ws/src/install/witmotion_ros/share/witmotion_ros/local_setup.dsv
-- Installing: /home/dev/ros2_ws/src/install/witmotion_ros/share/witmotion_ros/package.dsv
-- Installing: /home/dev/ros2_ws/src/install/witmotion_ros/share/ament_index/resource_index/packages/witmotion_ros
-- Installing: /home/dev/ros2_ws/src/install/witmotion_ros/share/witmotion_ros/cmake/export_witmotion_rosExport.cmake
-- Installing: /home/dev/ros2_ws/src/install/witmotion_ros/share/witmotion_ros/cmake/export_witmotion_rosExport-noconfig.cmake
-- Installing: /home/dev/ros2_ws/src/install/witmotion_ros/share/witmotion_ros/cmake/export_witmotion-uartExport.cmake
-- Installing: /home/dev/ros2_ws/src/install/witmotion_ros/share/witmotion_ros/cmake/export_witmotion-uartExport-noconfig.cmake
-- Installing: /home/dev/ros2_ws/src/install/witmotion_ros/share/witmotion_ros/cmake/ament_cmake_export_dependencies-extras.cmake
-- Installing: /home/dev/ros2_ws/src/install/witmotion_ros/share/witmotion_ros/cmake/ament_cmake_export_targets-extras.cmake
-- Installing: /home/dev/ros2_ws/src/install/witmotion_ros/share/witmotion_ros/cmake/ament_cmake_export_libraries-extras.cmake
-- Installing: /home/dev/ros2_ws/src/install/witmotion_ros/share/witmotion_ros/cmake/witmotion_rosConfig.cmake
-- Installing: /home/dev/ros2_ws/src/install/witmotion_ros/share/witmotion_ros/cmake/witmotion_rosConfig-version.cmake
-- Installing: /home/dev/ros2_ws/src/install/witmotion_ros/share/witmotion_ros/package.xml
