[0.629s] Invoking command in '/home/ubuntu/ros2_ws/ros2udp': DEBUGINFOD_URLS=https://debuginfod.ubuntu.com PYTHONPATH=/home/ubuntu/ros2_ws/build/ros2udp/prefix_override:/usr/lib/python3/dist-packages/colcon_core/task/python/colcon_distutils_commands:/home/ubuntu/ros2_ws/install/ros2udp/lib/python3.12/site-packages:${PYTHONPATH} /usr/bin/python3 -W ignore:setup.py install is deprecated -W ignore:easy_install command is deprecated setup.py egg_info --egg-base ../build/ros2udp build --build-base /home/ubuntu/ros2_ws/build/ros2udp/build install --record /home/ubuntu/ros2_ws/build/ros2udp/install.log --single-version-externally-managed install_data
[0.883s] running egg_info
[0.903s] writing ../build/ros2udp/ros2udp.egg-info/PKG-INFO
[0.903s] writing dependency_links to ../build/ros2udp/ros2udp.egg-info/dependency_links.txt
[0.904s] writing entry points to ../build/ros2udp/ros2udp.egg-info/entry_points.txt
[0.904s] writing requirements to ../build/ros2udp/ros2udp.egg-info/requires.txt
[0.904s] writing top-level names to ../build/ros2udp/ros2udp.egg-info/top_level.txt
[0.946s] reading manifest file '../build/ros2udp/ros2udp.egg-info/SOURCES.txt'
[0.946s] adding license file 'LICENSE'
[0.947s] writing manifest file '../build/ros2udp/ros2udp.egg-info/SOURCES.txt'
[0.947s] running build
[0.947s] running build_py
[0.948s] running install
[0.954s] running install_lib
[0.976s] running install_data
[0.976s] running install_egg_info
[0.997s] removing '/home/ubuntu/ros2_ws/install/ros2udp/lib/python3.12/site-packages/ros2udp-0.0.0-py3.12.egg-info' (and everything under it)
[0.997s] Copying ../build/ros2udp/ros2udp.egg-info to /home/ubuntu/ros2_ws/install/ros2udp/lib/python3.12/site-packages/ros2udp-0.0.0-py3.12.egg-info
[0.999s] running install_scripts
[1.136s] Installing 4_omni script to /home/ubuntu/ros2_ws/install/ros2udp/lib/ros2udp
[1.137s] Installing cr24_exh_automatic script to /home/ubuntu/ros2_ws/install/ros2udp/lib/ros2udp
[1.137s] Installing cr24_exh_gui script to /home/ubuntu/ros2_ws/install/ros2udp/lib/ros2udp
[1.137s] Installing cr24_exh_manual script to /home/ubuntu/ros2_ws/install/ros2udp/lib/ros2udp
[1.137s] Installing cr24_exh_yolo script to /home/ubuntu/ros2_ws/install/ros2udp/lib/ros2udp
[1.137s] Installing cr24_gui script to /home/ubuntu/ros2_ws/install/ros2udp/lib/ros2udp
[1.138s] Installing cr24_main script to /home/ubuntu/ros2_ws/install/ros2udp/lib/ros2udp
[1.138s] Installing cr24_main_apk script to /home/ubuntu/ros2_ws/install/ros2udp/lib/ros2udp
[1.138s] Installing cr24_main_manual script to /home/ubuntu/ros2_ws/install/ros2udp/lib/ros2udp
[1.138s] Installing cr24_main_manual2 script to /home/ubuntu/ros2_ws/install/ros2udp/lib/ros2udp
[1.138s] Installing cr24_manual2_apk script to /home/ubuntu/ros2_ws/install/ros2udp/lib/ros2udp
[1.138s] Installing cr24_pos script to /home/ubuntu/ros2_ws/install/ros2udp/lib/ros2udp
[1.138s] Installing cr24_test script to /home/ubuntu/ros2_ws/install/ros2udp/lib/ros2udp
[1.138s] Installing cr24_wlcam script to /home/ubuntu/ros2_ws/install/ros2udp/lib/ros2udp
[1.138s] Installing dir_plotter script to /home/ubuntu/ros2_ws/install/ros2udp/lib/ros2udp
[1.138s] Installing enc_obs script to /home/ubuntu/ros2_ws/install/ros2udp/lib/ros2udp
[1.139s] Installing enc_plotter script to /home/ubuntu/ros2_ws/install/ros2udp/lib/ros2udp
[1.139s] Installing imu_plotter script to /home/ubuntu/ros2_ws/install/ros2udp/lib/ros2udp
[1.139s] Installing imu_to_odom script to /home/ubuntu/ros2_ws/install/ros2udp/lib/ros2udp
[1.139s] Installing listener script to /home/ubuntu/ros2_ws/install/ros2udp/lib/ros2udp
[1.139s] Installing nr25_dev script to /home/ubuntu/ros2_ws/install/ros2udp/lib/ros2udp
[1.139s] Installing nr25_dr script to /home/ubuntu/ros2_ws/install/ros2udp/lib/ros2udp
[1.139s] Installing nr25_dr_omni script to /home/ubuntu/ros2_ws/install/ros2udp/lib/ros2udp
[1.139s] Installing nr25_dr_sd script to /home/ubuntu/ros2_ws/install/ros2udp/lib/ros2udp
[1.140s] Installing nr25_mr script to /home/ubuntu/ros2_ws/install/ros2udp/lib/ros2udp
[1.140s] Installing nr25_mr_omni script to /home/ubuntu/ros2_ws/install/ros2udp/lib/ros2udp
[1.140s] Installing nr25_mr_sd script to /home/ubuntu/ros2_ws/install/ros2udp/lib/ros2udp
[1.140s] Installing nr25_ohf script to /home/ubuntu/ros2_ws/install/ros2udp/lib/ros2udp
[1.140s] Installing nr25_omni script to /home/ubuntu/ros2_ws/install/ros2udp/lib/ros2udp
[1.140s] Installing nr25_omni_imu script to /home/ubuntu/ros2_ws/install/ros2udp/lib/ros2udp
[1.140s] Installing nr25_omni_odom script to /home/ubuntu/ros2_ws/install/ros2udp/lib/ros2udp
[1.140s] Installing nr25_pr_tuner script to /home/ubuntu/ros2_ws/install/ros2udp/lib/ros2udp
[1.141s] Installing nr25_vc script to /home/ubuntu/ros2_ws/install/ros2udp/lib/ros2udp
[1.141s] Installing setoshio script to /home/ubuntu/ros2_ws/install/ros2udp/lib/ros2udp
[1.141s] Installing setoshio_gui script to /home/ubuntu/ros2_ws/install/ros2udp/lib/ros2udp
[1.141s] Installing yaw_pub script to /home/ubuntu/ros2_ws/install/ros2udp/lib/ros2udp
[1.142s] writing list of installed files to '/home/ubuntu/ros2_ws/build/ros2udp/install.log'
[1.176s] Invoked command in '/home/ubuntu/ros2_ws/ros2udp' returned '0': DEBUGINFOD_URLS=https://debuginfod.ubuntu.com PYTHONPATH=/home/ubuntu/ros2_ws/build/ros2udp/prefix_override:/usr/lib/python3/dist-packages/colcon_core/task/python/colcon_distutils_commands:/home/ubuntu/ros2_ws/install/ros2udp/lib/python3.12/site-packages:${PYTHONPATH} /usr/bin/python3 -W ignore:setup.py install is deprecated -W ignore:easy_install command is deprecated setup.py egg_info --egg-base ../build/ros2udp build --build-base /home/ubuntu/ros2_ws/build/ros2udp/build install --record /home/ubuntu/ros2_ws/build/ros2udp/install.log --single-version-externally-managed install_data
