[0.131s] Invoking command in '/home/ubuntu/ros2_ws/build/f7_udp_cpp': CMAKE_PREFIX_PATH=${CMAKE_PREFIX_PATH}:/home/ubuntu/ros2_ws/install/ros2udp:/home/ubuntu/ros2_ws/install/f7_udp:/opt/ros/jazzy DEBUGINFOD_URLS=https://debuginfod.ubuntu.com /usr/bin/cmake --build /home/ubuntu/ros2_ws/build/f7_udp_cpp -- -j12 -l12
[0.149s] -- Found ament_cmake: 2.5.2 (/opt/ros/jazzy/share/ament_cmake/cmake)
[0.315s] -- Found rclcpp: 28.1.5 (/opt/ros/jazzy/share/rclcpp/cmake)
[0.333s] -- Found rosidl_generator_c: 4.6.4 (/opt/ros/jazzy/share/rosidl_generator_c/cmake)
[0.339s] -- Found rosidl_generator_cpp: 4.6.4 (/opt/ros/jazzy/share/rosidl_generator_cpp/cmake)
[0.346s] -- Using all available rosidl_typesupport_c: rosidl_typesupport_fastrtps_c;rosidl_typesupport_introspection_c
[0.355s] -- Using all available rosidl_typesupport_cpp: rosidl_typesupport_fastrtps_cpp;rosidl_typesupport_introspection_cpp
[0.397s] -- Found rmw_implementation_cmake: 7.3.1 (/opt/ros/jazzy/share/rmw_implementation_cmake/cmake)
[0.397s] -- Found rmw_fastrtps_cpp: 8.4.1 (/opt/ros/jazzy/share/rmw_fastrtps_cpp/cmake)
[0.449s] -- Using RMW implementation 'rmw_fastrtps_cpp' as default
[0.492s] -- Found std_msgs: 5.3.5 (/opt/ros/jazzy/share/std_msgs/cmake)
[0.502s] -- Found sensor_msgs: 5.3.5 (/opt/ros/jazzy/share/sensor_msgs/cmake)
[0.613s] -- Configuring done (0.5s)
[0.621s] [31mCMake Error at CMakeLists.txt:45 (add_executable):
[0.621s]   Cannot find source file:
[0.621s] 
[0.621s]     src/NR25_DR_c610.cpp
[0.621s] 
[0.621s]   Tried extensions .c .C .c++ .cc .cpp .cxx .cu .mpp .m .M .mm .ixx .cppm
[0.622s]   .ccm .cxxm .c++m .h .hh .h++ .hm .hpp .hxx .in .txx .f .F .for .f77 .f90
[0.622s]   .f95 .f03 .hip .ispc
[0.622s] 
[0.622s] [0m
[0.625s] [31mCMake Error at CMakeLists.txt:45 (add_executable):
[0.625s]   No SOURCES given to target: nr25_dr_c610
[0.625s] 
[0.626s] [0m
[0.626s] [0mCMake Generate step failed.  Build files cannot be regenerated correctly.[0m
[0.632s] gmake: *** [Makefile:722: cmake_check_build_system] エラー 1
[0.634s] Invoked command in '/home/ubuntu/ros2_ws/build/f7_udp_cpp' returned '2': CMAKE_PREFIX_PATH=${CMAKE_PREFIX_PATH}:/home/ubuntu/ros2_ws/install/ros2udp:/home/ubuntu/ros2_ws/install/f7_udp:/opt/ros/jazzy DEBUGINFOD_URLS=https://debuginfod.ubuntu.com /usr/bin/cmake --build /home/ubuntu/ros2_ws/build/f7_udp_cpp -- -j12 -l12
