[0.610s] Invoking command in '/home/dev/ros2_ws/src/f7_udp': PYTHONPATH=/home/dev/ros2_ws/src/f7_udp/build/f7_udp/prefix_override:/usr/lib/python3/dist-packages/colcon_core/task/python/colcon_distutils_commands:/home/dev/ros2_ws/src/f7_udp/install/f7_udp/lib/python3.10/site-packages:${PYTHONPATH} /usr/bin/python3 -W ignore:setup.py install is deprecated setup.py egg_info --egg-base build/f7_udp build --build-base /home/dev/ros2_ws/src/f7_udp/build/f7_udp/build install --record /home/dev/ros2_ws/src/f7_udp/build/f7_udp/install.log --single-version-externally-managed install_data
[0.820s] running egg_info
[0.821s] writing build/f7_udp/f7_udp.egg-info/PKG-INFO
[0.822s] writing dependency_links to build/f7_udp/f7_udp.egg-info/dependency_links.txt
[0.823s] writing entry points to build/f7_udp/f7_udp.egg-info/entry_points.txt
[0.823s] writing requirements to build/f7_udp/f7_udp.egg-info/requires.txt
[0.823s] writing top-level names to build/f7_udp/f7_udp.egg-info/top_level.txt
[0.829s] reading manifest file 'build/f7_udp/f7_udp.egg-info/SOURCES.txt'
[0.829s] adding license file 'LICENSE'
[0.831s] writing manifest file 'build/f7_udp/f7_udp.egg-info/SOURCES.txt'
[0.831s] running build
[0.831s] running build_py
[0.832s] copying f7_udp/imu_plotter.py -> /home/dev/ros2_ws/src/f7_udp/build/f7_udp/build/lib/f7_udp
[0.834s] copying f7_udp/NR25_Omni_HDG_Fix.py -> /home/dev/ros2_ws/src/f7_udp/build/f7_udp/build/lib/f7_udp
[0.835s] copying f7_udp/NHK2025_Omni_Driver.py -> /home/dev/ros2_ws/src/f7_udp/build/f7_udp/build/lib/f7_udp
[0.837s] running install
[0.838s] running install_lib
[0.841s] copying /home/dev/ros2_ws/src/f7_udp/build/f7_udp/build/lib/f7_udp/imu_plotter.py -> /home/dev/ros2_ws/src/f7_udp/install/f7_udp/lib/python3.10/site-packages/f7_udp
[0.842s] copying /home/dev/ros2_ws/src/f7_udp/build/f7_udp/build/lib/f7_udp/NR25_Omni_HDG_Fix.py -> /home/dev/ros2_ws/src/f7_udp/install/f7_udp/lib/python3.10/site-packages/f7_udp
[0.842s] copying /home/dev/ros2_ws/src/f7_udp/build/f7_udp/build/lib/f7_udp/NHK2025_Omni_Driver.py -> /home/dev/ros2_ws/src/f7_udp/install/f7_udp/lib/python3.10/site-packages/f7_udp
[0.844s] byte-compiling /home/dev/ros2_ws/src/f7_udp/install/f7_udp/lib/python3.10/site-packages/f7_udp/imu_plotter.py to imu_plotter.cpython-310.pyc
[0.846s] byte-compiling /home/dev/ros2_ws/src/f7_udp/install/f7_udp/lib/python3.10/site-packages/f7_udp/NR25_Omni_HDG_Fix.py to NR25_Omni_HDG_Fix.cpython-310.pyc
[0.850s] byte-compiling /home/dev/ros2_ws/src/f7_udp/install/f7_udp/lib/python3.10/site-packages/f7_udp/NHK2025_Omni_Driver.py to NHK2025_Omni_Driver.cpython-310.pyc
[0.851s] running install_data
[0.853s] running install_egg_info
[0.856s] removing '/home/dev/ros2_ws/src/f7_udp/install/f7_udp/lib/python3.10/site-packages/f7_udp-0.0.0-py3.10.egg-info' (and everything under it)
[0.857s] Copying build/f7_udp/f7_udp.egg-info to /home/dev/ros2_ws/src/f7_udp/install/f7_udp/lib/python3.10/site-packages/f7_udp-0.0.0-py3.10.egg-info
[0.859s] running install_scripts
[0.880s] Installing 4_omni script to /home/dev/ros2_ws/src/f7_udp/install/f7_udp/lib/f7_udp
[0.880s] Installing cr24_gui script to /home/dev/ros2_ws/src/f7_udp/install/f7_udp/lib/f7_udp
[0.881s] Installing cr24_main script to /home/dev/ros2_ws/src/f7_udp/install/f7_udp/lib/f7_udp
[0.881s] Installing cr24_main_apk script to /home/dev/ros2_ws/src/f7_udp/install/f7_udp/lib/f7_udp
[0.881s] Installing cr24_main_manual script to /home/dev/ros2_ws/src/f7_udp/install/f7_udp/lib/f7_udp
[0.881s] Installing cr24_main_manual2 script to /home/dev/ros2_ws/src/f7_udp/install/f7_udp/lib/f7_udp
[0.881s] Installing cr24_manual2_apk script to /home/dev/ros2_ws/src/f7_udp/install/f7_udp/lib/f7_udp
[0.881s] Installing cr24_pos script to /home/dev/ros2_ws/src/f7_udp/install/f7_udp/lib/f7_udp
[0.881s] Installing cr24_test script to /home/dev/ros2_ws/src/f7_udp/install/f7_udp/lib/f7_udp
[0.881s] Installing cr24_wlcam script to /home/dev/ros2_ws/src/f7_udp/install/f7_udp/lib/f7_udp
[0.882s] Installing dir_plotter script to /home/dev/ros2_ws/src/f7_udp/install/f7_udp/lib/f7_udp
[0.882s] Installing enc_obs script to /home/dev/ros2_ws/src/f7_udp/install/f7_udp/lib/f7_udp
[0.882s] Installing enc_plotter script to /home/dev/ros2_ws/src/f7_udp/install/f7_udp/lib/f7_udp
[0.882s] Installing imu_plotter script to /home/dev/ros2_ws/src/f7_udp/install/f7_udp/lib/f7_udp
[0.882s] Installing imu_to_odom script to /home/dev/ros2_ws/src/f7_udp/install/f7_udp/lib/f7_udp
[0.882s] Installing listener script to /home/dev/ros2_ws/src/f7_udp/install/f7_udp/lib/f7_udp
[0.882s] Installing nr25_ohf script to /home/dev/ros2_ws/src/f7_udp/install/f7_udp/lib/f7_udp
[0.882s] Installing nr25_omni script to /home/dev/ros2_ws/src/f7_udp/install/f7_udp/lib/f7_udp
[0.882s] Installing nr25_omni_imu script to /home/dev/ros2_ws/src/f7_udp/install/f7_udp/lib/f7_udp
[0.882s] Installing nr25_omni_odom script to /home/dev/ros2_ws/src/f7_udp/install/f7_udp/lib/f7_udp
[0.882s] Installing nr25_vc script to /home/dev/ros2_ws/src/f7_udp/install/f7_udp/lib/f7_udp
[0.882s] Installing setoshio script to /home/dev/ros2_ws/src/f7_udp/install/f7_udp/lib/f7_udp
[0.883s] Installing setoshio_gui script to /home/dev/ros2_ws/src/f7_udp/install/f7_udp/lib/f7_udp
[0.883s] Installing yaw_pub script to /home/dev/ros2_ws/src/f7_udp/install/f7_udp/lib/f7_udp
[0.883s] writing list of installed files to '/home/dev/ros2_ws/src/f7_udp/build/f7_udp/install.log'
[0.911s] Invoked command in '/home/dev/ros2_ws/src/f7_udp' returned '0': PYTHONPATH=/home/dev/ros2_ws/src/f7_udp/build/f7_udp/prefix_override:/usr/lib/python3/dist-packages/colcon_core/task/python/colcon_distutils_commands:/home/dev/ros2_ws/src/f7_udp/install/f7_udp/lib/python3.10/site-packages:${PYTHONPATH} /usr/bin/python3 -W ignore:setup.py install is deprecated setup.py egg_info --egg-base build/f7_udp build --build-base /home/dev/ros2_ws/src/f7_udp/build/f7_udp/build install --record /home/dev/ros2_ws/src/f7_udp/build/f7_udp/install.log --single-version-externally-managed install_data
